[2024-12-12 18:24:08] [INFO] [o.f.g.Controller] - Выбран каталог: D:\BlueStacks X
[2024-12-12 18:24:08] [INFO] [o.f.g.Controller] - Анализ каталога: D:\BlueStacks X
[2024-12-12 18:24:08] [DEBUG] [o.f.g.Controller] - Добавление файла: 7z.dll
[2024-12-12 18:24:08] [DEBUG] [o.f.g.Controller] - Добавление файла: 7z.exe
[2024-12-12 18:24:08] [DEBUG] [o.f.g.Controller] - Добавление файла: api-ms-win-core-file-l1-2-0.dll
[2024-12-12 18:24:08] [DEBUG] [o.f.g.Controller] - Добавление файла: api-ms-win-core-file-l2-1-0.dll
[2024-12-12 18:24:08] [DEBUG] [o.f.g.Controller] - Добавление файла: api-ms-win-core-localization-l1-2-0.dll
[2024-12-12 18:24:08] [DEBUG] [o.f.g.Controller] - Добавление файла: api-ms-win-core-processthreads-l1-1-1.dll
[2024-12-12 18:24:08] [DEBUG] [o.f.g.Controller] - Добавление файла: api-ms-win-core-synch-l1-2-0.dll
[2024-12-12 18:24:08] [DEBUG] [o.f.g.Controller] - Добавление файла: api-ms-win-core-timezone-l1-1-0.dll
[2024-12-12 18:24:08] [DEBUG] [o.f.g.Controller] - Добавление файла: api-ms-win-core-xstate-l2-1-0.dll
[2024-12-12 18:24:08] [DEBUG] [o.f.g.Controller] - Добавление файла: api-ms-win-crt-conio-l1-1-0.dll
[2024-12-12 18:24:08] [DEBUG] [o.f.g.Controller] - Добавление файла: api-ms-win-crt-convert-l1-1-0.dll
[2024-12-12 18:24:08] [DEBUG] [o.f.g.Controller] - Добавление файла: api-ms-win-crt-environment-l1-1-0.dll
[2024-12-12 18:24:08] [DEBUG] [o.f.g.Controller] - Добавление файла: api-ms-win-crt-filesystem-l1-1-0.dll
[2024-12-12 18:24:08] [DEBUG] [o.f.g.Controller] - Добавление файла: api-ms-win-crt-heap-l1-1-0.dll
[2024-12-12 18:24:08] [DEBUG] [o.f.g.Controller] - Добавление файла: api-ms-win-crt-locale-l1-1-0.dll
[2024-12-12 18:24:08] [DEBUG] [o.f.g.Controller] - Добавление файла: api-ms-win-crt-math-l1-1-0.dll
[2024-12-12 18:24:08] [DEBUG] [o.f.g.Controller] - Добавление файла: api-ms-win-crt-multibyte-l1-1-0.dll
[2024-12-12 18:24:08] [DEBUG] [o.f.g.Controller] - Добавление файла: api-ms-win-crt-private-l1-1-0.dll
[2024-12-12 18:24:08] [DEBUG] [o.f.g.Controller] - Добавление файла: api-ms-win-crt-process-l1-1-0.dll
[2024-12-12 18:24:08] [DEBUG] [o.f.g.Controller] - Добавление файла: api-ms-win-crt-runtime-l1-1-0.dll
[2024-12-12 18:24:08] [DEBUG] [o.f.g.Controller] - Добавление файла: api-ms-win-crt-stdio-l1-1-0.dll
[2024-12-12 18:24:08] [DEBUG] [o.f.g.Controller] - Добавление файла: api-ms-win-crt-string-l1-1-0.dll
[2024-12-12 18:24:08] [DEBUG] [o.f.g.Controller] - Добавление файла: api-ms-win-crt-time-l1-1-0.dll
[2024-12-12 18:24:08] [DEBUG] [o.f.g.Controller] - Добавление файла: api-ms-win-crt-utility-l1-1-0.dll
[2024-12-12 18:24:08] [DEBUG] [o.f.g.Controller] - Добавление файла: api-ms-win-eventing-provider-l1-1-0.dll
[2024-12-12 18:24:08] [DEBUG] [o.f.g.Controller] - Добавление файла: app.ico
[2024-12-12 18:24:08] [DEBUG] [o.f.g.Controller] - Добавление подкаталога: audio
[2024-12-12 18:24:08] [INFO] [o.f.g.Controller] - Анализ каталога: D:\BlueStacks X\audio
[2024-12-12 18:24:08] [DEBUG] [o.f.g.Controller] - Добавление файла: qtaudio_wasapi.dll
[2024-12-12 18:24:08] [DEBUG] [o.f.g.Controller] - Добавление файла: qtaudio_windows.dll
[2024-12-12 18:24:08] [DEBUG] [o.f.g.Controller] - Добавление подкаталога: bearer
[2024-12-12 18:24:08] [INFO] [o.f.g.Controller] - Анализ каталога: D:\BlueStacks X\bearer
[2024-12-12 18:24:08] [DEBUG] [o.f.g.Controller] - Добавление файла: qgenericbearer.dll
[2024-12-12 18:24:08] [DEBUG] [o.f.g.Controller] - Добавление файла: BLauncher.dll
[2024-12-12 18:24:08] [DEBUG] [o.f.g.Controller] - Добавление файла: BlueStacks X.exe
[2024-12-12 18:24:08] [DEBUG] [o.f.g.Controller] - Добавление файла: BlueStacksWeb.exe
[2024-12-12 18:24:08] [DEBUG] [o.f.g.Controller] - Добавление файла: BlueStacksXUninstaller.exe
[2024-12-12 18:24:08] [DEBUG] [o.f.g.Controller] - Добавление подкаталога: cef
[2024-12-12 18:24:08] [INFO] [o.f.g.Controller] - Анализ каталога: D:\BlueStacks X\cef
[2024-12-12 18:24:08] [DEBUG] [o.f.g.Controller] - Добавление файла: chrome_100_percent.pak
[2024-12-12 18:24:08] [DEBUG] [o.f.g.Controller] - Добавление файла: chrome_200_percent.pak
[2024-12-12 18:24:08] [DEBUG] [o.f.g.Controller] - Добавление файла: chrome_elf.dll
[2024-12-12 18:24:08] [DEBUG] [o.f.g.Controller] - Добавление файла: d3dcompiler_47.dll
[2024-12-12 18:24:08] [DEBUG] [o.f.g.Controller] - Добавление файла: icudtl.dat
[2024-12-12 18:24:08] [DEBUG] [o.f.g.Controller] - Добавление файла: libcef.dll
[2024-12-12 18:24:08] [DEBUG] [o.f.g.Controller] - Добавление файла: libEGL.dll
[2024-12-12 18:24:08] [DEBUG] [o.f.g.Controller] - Добавление файла: libGLESv2.dll
[2024-12-12 18:24:08] [DEBUG] [o.f.g.Controller] - Добавление подкаталога: locales
[2024-12-12 18:24:08] [INFO] [o.f.g.Controller] - Анализ каталога: D:\BlueStacks X\cef\locales
[2024-12-12 18:24:08] [DEBUG] [o.f.g.Controller] - Добавление файла: am.pak
[2024-12-12 18:24:08] [DEBUG] [o.f.g.Controller] - Добавление файла: ar.pak
[2024-12-12 18:24:08] [DEBUG] [o.f.g.Controller] - Добавление файла: bg.pak
[2024-12-12 18:24:08] [DEBUG] [o.f.g.Controller] - Добавление файла: bn.pak
[2024-12-12 18:24:08] [DEBUG] [o.f.g.Controller] - Добавление файла: ca.pak
[2024-12-12 18:24:08] [DEBUG] [o.f.g.Controller] - Добавление файла: cs.pak
[2024-12-12 18:24:08] [DEBUG] [o.f.g.Controller] - Добавление файла: da.pak
[2024-12-12 18:24:08] [DEBUG] [o.f.g.Controller] - Добавление файла: de.pak
[2024-12-12 18:24:08] [DEBUG] [o.f.g.Controller] - Добавление файла: el.pak
[2024-12-12 18:24:08] [DEBUG] [o.f.g.Controller] - Добавление файла: en-GB.pak
[2024-12-12 18:24:08] [DEBUG] [o.f.g.Controller] - Добавление файла: en-US.pak
[2024-12-12 18:24:08] [DEBUG] [o.f.g.Controller] - Добавление файла: es-419.pak
[2024-12-12 18:24:08] [DEBUG] [o.f.g.Controller] - Добавление файла: es.pak
[2024-12-12 18:24:08] [DEBUG] [o.f.g.Controller] - Добавление файла: et.pak
[2024-12-12 18:24:08] [DEBUG] [o.f.g.Controller] - Добавление файла: fa.pak
[2024-12-12 18:24:08] [DEBUG] [o.f.g.Controller] - Добавление файла: fi.pak
[2024-12-12 18:24:08] [DEBUG] [o.f.g.Controller] - Добавление файла: fil.pak
[2024-12-12 18:24:08] [DEBUG] [o.f.g.Controller] - Добавление файла: fr.pak
[2024-12-12 18:24:08] [DEBUG] [o.f.g.Controller] - Добавление файла: gu.pak
[2024-12-12 18:24:08] [DEBUG] [o.f.g.Controller] - Добавление файла: he.pak
[2024-12-12 18:24:08] [DEBUG] [o.f.g.Controller] - Добавление файла: hi.pak
[2024-12-12 18:24:08] [DEBUG] [o.f.g.Controller] - Добавление файла: hr.pak
[2024-12-12 18:24:08] [DEBUG] [o.f.g.Controller] - Добавление файла: hu.pak
[2024-12-12 18:24:08] [DEBUG] [o.f.g.Controller] - Добавление файла: id.pak
[2024-12-12 18:24:08] [DEBUG] [o.f.g.Controller] - Добавление файла: it.pak
[2024-12-12 18:24:08] [DEBUG] [o.f.g.Controller] - Добавление файла: ja.pak
[2024-12-12 18:24:08] [DEBUG] [o.f.g.Controller] - Добавление файла: kn.pak
[2024-12-12 18:24:08] [DEBUG] [o.f.g.Controller] - Добавление файла: ko.pak
[2024-12-12 18:24:08] [DEBUG] [o.f.g.Controller] - Добавление файла: lt.pak
[2024-12-12 18:24:08] [DEBUG] [o.f.g.Controller] - Добавление файла: lv.pak
[2024-12-12 18:24:08] [DEBUG] [o.f.g.Controller] - Добавление файла: ml.pak
[2024-12-12 18:24:08] [DEBUG] [o.f.g.Controller] - Добавление файла: mr.pak
[2024-12-12 18:24:08] [DEBUG] [o.f.g.Controller] - Добавление файла: ms.pak
[2024-12-12 18:24:08] [DEBUG] [o.f.g.Controller] - Добавление файла: nb.pak
[2024-12-12 18:24:08] [DEBUG] [o.f.g.Controller] - Добавление файла: nl.pak
[2024-12-12 18:24:08] [DEBUG] [o.f.g.Controller] - Добавление файла: pl.pak
[2024-12-12 18:24:08] [DEBUG] [o.f.g.Controller] - Добавление файла: pt-BR.pak
[2024-12-12 18:24:08] [DEBUG] [o.f.g.Controller] - Добавление файла: pt-PT.pak
[2024-12-12 18:24:08] [DEBUG] [o.f.g.Controller] - Добавление файла: ro.pak
[2024-12-12 18:24:08] [DEBUG] [o.f.g.Controller] - Добавление файла: ru.pak
[2024-12-12 18:24:08] [DEBUG] [o.f.g.Controller] - Добавление файла: sk.pak
[2024-12-12 18:24:08] [DEBUG] [o.f.g.Controller] - Добавление файла: sl.pak
[2024-12-12 18:24:08] [DEBUG] [o.f.g.Controller] - Добавление файла: sr.pak
[2024-12-12 18:24:08] [DEBUG] [o.f.g.Controller] - Добавление файла: sv.pak
[2024-12-12 18:24:08] [DEBUG] [o.f.g.Controller] - Добавление файла: sw.pak
[2024-12-12 18:24:08] [DEBUG] [o.f.g.Controller] - Добавление файла: ta.pak
[2024-12-12 18:24:08] [DEBUG] [o.f.g.Controller] - Добавление файла: te.pak
[2024-12-12 18:24:08] [DEBUG] [o.f.g.Controller] - Добавление файла: th.pak
[2024-12-12 18:24:08] [DEBUG] [o.f.g.Controller] - Добавление файла: tr.pak
[2024-12-12 18:24:08] [DEBUG] [o.f.g.Controller] - Добавление файла: uk.pak
[2024-12-12 18:24:08] [DEBUG] [o.f.g.Controller] - Добавление файла: vi.pak
[2024-12-12 18:24:08] [DEBUG] [o.f.g.Controller] - Добавление файла: zh-CN.pak
[2024-12-12 18:24:08] [DEBUG] [o.f.g.Controller] - Добавление файла: zh-TW.pak
[2024-12-12 18:24:08] [DEBUG] [o.f.g.Controller] - Добавление файла: resources.pak
[2024-12-12 18:24:08] [DEBUG] [o.f.g.Controller] - Добавление файла: snapshot_blob.bin
[2024-12-12 18:24:08] [DEBUG] [o.f.g.Controller] - Добавление подкаталога: swiftshader
[2024-12-12 18:24:08] [INFO] [o.f.g.Controller] - Анализ каталога: D:\BlueStacks X\cef\swiftshader
[2024-12-12 18:24:08] [DEBUG] [o.f.g.Controller] - Добавление файла: libEGL.dll
[2024-12-12 18:24:08] [DEBUG] [o.f.g.Controller] - Добавление файла: libGLESv2.dll
[2024-12-12 18:24:08] [DEBUG] [o.f.g.Controller] - Добавление файла: v8_context_snapshot.bin
[2024-12-12 18:24:08] [DEBUG] [o.f.g.Controller] - Добавление файла: Cloud Game.exe
[2024-12-12 18:24:08] [DEBUG] [o.f.g.Controller] - Добавление файла: concrt140.dll
[2024-12-12 18:24:08] [DEBUG] [o.f.g.Controller] - Добавление подкаталога: config
[2024-12-12 18:24:08] [INFO] [o.f.g.Controller] - Анализ каталога: D:\BlueStacks X\config
[2024-12-12 18:24:08] [DEBUG] [o.f.g.Controller] - Добавление файла: log.ini
[2024-12-12 18:24:08] [DEBUG] [o.f.g.Controller] - Добавление файла: config.json
[2024-12-12 18:24:08] [DEBUG] [o.f.g.Controller] - Добавление файла: d3dcompiler_47.dll
[2024-12-12 18:24:08] [DEBUG] [o.f.g.Controller] - Добавление подкаталога: family
[2024-12-12 18:24:08] [INFO] [o.f.g.Controller] - Анализ каталога: D:\BlueStacks X\family
[2024-12-12 18:24:08] [DEBUG] [o.f.g.Controller] - Добавление файла: arialbd.ttf
[2024-12-12 18:24:08] [DEBUG] [o.f.g.Controller] - Добавление файла: malgun.ttf
[2024-12-12 18:24:08] [DEBUG] [o.f.g.Controller] - Добавление файла: msyh.ttc
[2024-12-12 18:24:08] [DEBUG] [o.f.g.Controller] - Добавление файла: Rubik-Medium.ttf
[2024-12-12 18:24:08] [DEBUG] [o.f.g.Controller] - Добавление файла: Rubik-Regular.ttf
[2024-12-12 18:24:08] [DEBUG] [o.f.g.Controller] - Добавление файла: yugothib.ttf
[2024-12-12 18:24:08] [DEBUG] [o.f.g.Controller] - Добавление файла: green.bat
[2024-12-12 18:24:08] [DEBUG] [o.f.g.Controller] - Добавление файла: green.vbs
[2024-12-12 18:24:08] [DEBUG] [o.f.g.Controller] - Добавление подкаталога: iconengines
[2024-12-12 18:24:08] [INFO] [o.f.g.Controller] - Анализ каталога: D:\BlueStacks X\iconengines
[2024-12-12 18:24:08] [DEBUG] [o.f.g.Controller] - Добавление файла: qsvgicon.dll
[2024-12-12 18:24:08] [DEBUG] [o.f.g.Controller] - Добавление подкаталога: image
[2024-12-12 18:24:08] [INFO] [o.f.g.Controller] - Анализ каталога: D:\BlueStacks X\image
[2024-12-12 18:24:08] [DEBUG] [o.f.g.Controller] - Добавление подкаталога: account
[2024-12-12 18:24:08] [INFO] [o.f.g.Controller] - Анализ каталога: D:\BlueStacks X\image\account
[2024-12-12 18:24:08] [DEBUG] [o.f.g.Controller] - Добавление файла: Choose_img1.png
[2024-12-12 18:24:08] [DEBUG] [o.f.g.Controller] - Добавление файла: Choose_img2.png
[2024-12-12 18:24:08] [DEBUG] [o.f.g.Controller] - Добавление файла: Choose_img3.png
[2024-12-12 18:24:08] [DEBUG] [o.f.g.Controller] - Добавление файла: Choose_img4.png
[2024-12-12 18:24:08] [DEBUG] [o.f.g.Controller] - Добавление файла: Choose_img5.png
[2024-12-12 18:24:08] [DEBUG] [o.f.g.Controller] - Добавление файла: Choose_img6.png
[2024-12-12 18:24:08] [DEBUG] [o.f.g.Controller] - Добавление файла: Choose_img7.png
[2024-12-12 18:24:08] [DEBUG] [o.f.g.Controller] - Добавление файла: Choose_img8.png
[2024-12-12 18:24:08] [DEBUG] [o.f.g.Controller] - Добавление файла: config.json
[2024-12-12 18:24:08] [DEBUG] [o.f.g.Controller] - Добавление файла: crown.svg
[2024-12-12 18:24:08] [DEBUG] [o.f.g.Controller] - Добавление файла: Default_img.svg
[2024-12-12 18:24:08] [DEBUG] [o.f.g.Controller] - Добавление файла: Default_login_img.svg
[2024-12-12 18:24:08] [DEBUG] [o.f.g.Controller] - Добавление файла: discord.svg
[2024-12-12 18:24:08] [DEBUG] [o.f.g.Controller] - Добавление файла: edit.svg
[2024-12-12 18:24:08] [DEBUG] [o.f.g.Controller] - Добавление файла: facebook.svg
[2024-12-12 18:24:08] [DEBUG] [o.f.g.Controller] - Добавление файла: frame.svg
[2024-12-12 18:24:08] [DEBUG] [o.f.g.Controller] - Добавление файла: google.svg
[2024-12-12 18:24:08] [DEBUG] [o.f.g.Controller] - Добавление файла: icon_ photoicon_camera.png
[2024-12-12 18:24:08] [DEBUG] [o.f.g.Controller] - Добавление файла: icon_ photoicon_camera.svg
[2024-12-12 18:24:08] [DEBUG] [o.f.g.Controller] - Добавление файла: logo.svg
[2024-12-12 18:24:08] [DEBUG] [o.f.g.Controller] - Добавление файла: now.gg.svg
[2024-12-12 18:24:08] [DEBUG] [o.f.g.Controller] - Добавление файла: to.svg
[2024-12-12 18:24:08] [DEBUG] [o.f.g.Controller] - Добавление файла: AppPlayer.svg
[2024-12-12 18:24:08] [DEBUG] [o.f.g.Controller] - Добавление файла: banner_default.jpg
[2024-12-12 18:24:08] [DEBUG] [o.f.g.Controller] - Добавление файла: benefit1.png
[2024-12-12 18:24:08] [DEBUG] [o.f.g.Controller] - Добавление файла: benefit2.png
[2024-12-12 18:24:08] [DEBUG] [o.f.g.Controller] - Добавление файла: BlueStacks5.svg
[2024-12-12 18:24:08] [DEBUG] [o.f.g.Controller] - Добавление файла: booting_bg.png
[2024-12-12 18:24:08] [DEBUG] [o.f.g.Controller] - Добавление файла: booting_logo.svg
[2024-12-12 18:24:08] [DEBUG] [o.f.g.Controller] - Добавление файла: boot_bg.svg
[2024-12-12 18:24:08] [DEBUG] [o.f.g.Controller] - Добавление файла: boot_logo.svg
[2024-12-12 18:24:08] [DEBUG] [o.f.g.Controller] - Добавление файла: browser_loading.gif
[2024-12-12 18:24:08] [DEBUG] [o.f.g.Controller] - Добавление файла: BS5Loading.svg
[2024-12-12 18:24:08] [DEBUG] [o.f.g.Controller] - Добавление файла: cef_browser_loading.gif
[2024-12-12 18:24:08] [DEBUG] [o.f.g.Controller] - Добавление подкаталога: checkBox
[2024-12-12 18:24:08] [INFO] [o.f.g.Controller] - Анализ каталога: D:\BlueStacks X\image\checkBox
[2024-12-12 18:24:08] [DEBUG] [o.f.g.Controller] - Добавление файла: checked_disable.svg
[2024-12-12 18:24:08] [DEBUG] [o.f.g.Controller] - Добавление файла: checked_hover.svg
[2024-12-12 18:24:08] [DEBUG] [o.f.g.Controller] - Добавление файла: checked_normal.svg
[2024-12-12 18:24:08] [DEBUG] [o.f.g.Controller] - Добавление файла: checked_pressed.svg
[2024-12-12 18:24:08] [DEBUG] [o.f.g.Controller] - Добавление файла: uncheck_disable.svg
[2024-12-12 18:24:08] [DEBUG] [o.f.g.Controller] - Добавление файла: uncheck_hover.svg
[2024-12-12 18:24:08] [DEBUG] [o.f.g.Controller] - Добавление файла: uncheck_normal.svg
[2024-12-12 18:24:08] [DEBUG] [o.f.g.Controller] - Добавление файла: uncheck_pressed.svg
[2024-12-12 18:24:08] [DEBUG] [o.f.g.Controller] - Добавление файла: close_hover.svg
[2024-12-12 18:24:08] [DEBUG] [o.f.g.Controller] - Добавление файла: close_main.svg
[2024-12-12 18:24:08] [DEBUG] [o.f.g.Controller] - Добавление файла: close_normal.svg
[2024-12-12 18:24:08] [DEBUG] [o.f.g.Controller] - Добавление файла: close_pressed.svg
[2024-12-12 18:24:08] [DEBUG] [o.f.g.Controller] - Добавление подкаталога: CloudMode
[2024-12-12 18:24:08] [INFO] [o.f.g.Controller] - Анализ каталога: D:\BlueStacks X\image\CloudMode
[2024-12-12 18:24:08] [DEBUG] [o.f.g.Controller] - Добавление файла: Icon_CloseTips.svg
[2024-12-12 18:24:08] [DEBUG] [o.f.g.Controller] - Добавление файла: Icon_CloseTips_hover.svg
[2024-12-12 18:24:08] [DEBUG] [o.f.g.Controller] - Добавление файла: Icon_instantly.svg
[2024-12-12 18:24:08] [DEBUG] [o.f.g.Controller] - Добавление файла: Icon_no_downloading.svg
[2024-12-12 18:24:08] [DEBUG] [o.f.g.Controller] - Добавление файла: Icon_popular.svg
[2024-12-12 18:24:08] [DEBUG] [o.f.g.Controller] - Добавление подкаталога: ComboBox
[2024-12-12 18:24:08] [INFO] [o.f.g.Controller] - Анализ каталога: D:\BlueStacks X\image\ComboBox
[2024-12-12 18:24:08] [DEBUG] [o.f.g.Controller] - Добавление файла: ComboBox_down.svg
[2024-12-12 18:24:08] [DEBUG] [o.f.g.Controller] - Добавление файла: ComboBox_up.svg
[2024-12-12 18:24:08] [DEBUG] [o.f.g.Controller] - Добавление файла: default_app.svg
[2024-12-12 18:24:08] [DEBUG] [o.f.g.Controller] - Добавление файла: default_img.svg
[2024-12-12 18:24:08] [DEBUG] [o.f.g.Controller] - Добавление подкаталога: dialog
[2024-12-12 18:24:08] [INFO] [o.f.g.Controller] - Анализ каталога: D:\BlueStacks X\image\dialog
[2024-12-12 18:24:08] [DEBUG] [o.f.g.Controller] - Добавление файла: min.svg
[2024-12-12 18:24:08] [DEBUG] [o.f.g.Controller] - Добавление файла: min_hover.svg
[2024-12-12 18:24:08] [DEBUG] [o.f.g.Controller] - Добавление файла: min_pressed.svg
[2024-12-12 18:24:08] [DEBUG] [o.f.g.Controller] - Добавление файла: email.svg
[2024-12-12 18:24:08] [DEBUG] [o.f.g.Controller] - Добавление файла: error.svg
[2024-12-12 18:24:08] [DEBUG] [o.f.g.Controller] - Добавление подкаталога: Gallery
[2024-12-12 18:24:08] [INFO] [o.f.g.Controller] - Анализ каталога: D:\BlueStacks X\image\Gallery
[2024-12-12 18:24:08] [DEBUG] [o.f.g.Controller] - Добавление файла: close_disabled.svg
[2024-12-12 18:24:08] [DEBUG] [o.f.g.Controller] - Добавление файла: close_hover.svg
[2024-12-12 18:24:08] [DEBUG] [o.f.g.Controller] - Добавление файла: close_normal.svg
[2024-12-12 18:24:08] [DEBUG] [o.f.g.Controller] - Добавление файла: close_pressed.svg
[2024-12-12 18:24:08] [DEBUG] [o.f.g.Controller] - Добавление файла: next_disabled.svg
[2024-12-12 18:24:08] [DEBUG] [o.f.g.Controller] - Добавление файла: next_enable.svg
[2024-12-12 18:24:08] [DEBUG] [o.f.g.Controller] - Добавление файла: next_hover.svg
[2024-12-12 18:24:08] [DEBUG] [o.f.g.Controller] - Добавление файла: pre_disabled.svg
[2024-12-12 18:24:08] [DEBUG] [o.f.g.Controller] - Добавление файла: pre_enable.svg
[2024-12-12 18:24:08] [DEBUG] [o.f.g.Controller] - Добавление файла: pre_hover.svg
[2024-12-12 18:24:08] [DEBUG] [o.f.g.Controller] - Добавление файла: help.svg
[2024-12-12 18:24:08] [DEBUG] [o.f.g.Controller] - Добавление файла: HvDialog_Tips.svg
[2024-12-12 18:24:08] [DEBUG] [o.f.g.Controller] - Добавление файла: icon_onCloud_delete.svg
[2024-12-12 18:24:08] [DEBUG] [o.f.g.Controller] - Добавление файла: Icon_PremiumGames.svg
[2024-12-12 18:24:08] [DEBUG] [o.f.g.Controller] - Добавление файла: icon_right_arrow.svg
[2024-12-12 18:24:08] [DEBUG] [o.f.g.Controller] - Добавление файла: Icon_Warning.svg
[2024-12-12 18:24:08] [DEBUG] [o.f.g.Controller] - Добавление файла: lo.svg
[2024-12-12 18:24:08] [DEBUG] [o.f.g.Controller] - Добавление файла: loading.svg
[2024-12-12 18:24:08] [DEBUG] [o.f.g.Controller] - Добавление подкаталога: LocalAPK
[2024-12-12 18:24:08] [INFO] [o.f.g.Controller] - Анализ каталога: D:\BlueStacks X\image\LocalAPK
[2024-12-12 18:24:08] [DEBUG] [o.f.g.Controller] - Добавление файла: close_disabled.svg
[2024-12-12 18:24:08] [DEBUG] [o.f.g.Controller] - Добавление файла: close_hover.svg
[2024-12-12 18:24:08] [DEBUG] [o.f.g.Controller] - Добавление файла: close_normal.svg
[2024-12-12 18:24:08] [DEBUG] [o.f.g.Controller] - Добавление файла: close_pressed.svg
[2024-12-12 18:24:08] [DEBUG] [o.f.g.Controller] - Добавление файла: icon_add_hover.svg
[2024-12-12 18:24:08] [DEBUG] [o.f.g.Controller] - Добавление файла: icon_add_normal.svg
[2024-12-12 18:24:08] [DEBUG] [o.f.g.Controller] - Добавление файла: icon_error.svg
[2024-12-12 18:24:08] [DEBUG] [o.f.g.Controller] - Добавление файла: icon_upload.svg
[2024-12-12 18:24:08] [DEBUG] [o.f.g.Controller] - Добавление файла: icon_upload_disabled.svg
[2024-12-12 18:24:08] [DEBUG] [o.f.g.Controller] - Добавление файла: LocalApkDefault.svg
[2024-12-12 18:24:08] [DEBUG] [o.f.g.Controller] - Добавление файла: logo.svg
[2024-12-12 18:24:08] [DEBUG] [o.f.g.Controller] - Добавление файла: Logo_Nowgg.svg
[2024-12-12 18:24:08] [DEBUG] [o.f.g.Controller] - Добавление файла: maximize_normal.svg
[2024-12-12 18:24:08] [DEBUG] [o.f.g.Controller] - Добавление файла: MIM Logo.svg
[2024-12-12 18:24:08] [DEBUG] [o.f.g.Controller] - Добавление файла: MIM.ico
[2024-12-12 18:24:08] [DEBUG] [o.f.g.Controller] - Добавление файла: minimize_normal.svg
[2024-12-12 18:24:08] [DEBUG] [o.f.g.Controller] - Добавление файла: more.svg
[2024-12-12 18:24:08] [DEBUG] [o.f.g.Controller] - Добавление подкаталога: MyGames
[2024-12-12 18:24:08] [INFO] [o.f.g.Controller] - Анализ каталога: D:\BlueStacks X\image\MyGames
[2024-12-12 18:24:08] [DEBUG] [o.f.g.Controller] - Добавление файла: addApk.svg
[2024-12-12 18:24:08] [DEBUG] [o.f.g.Controller] - Добавление файла: addApk_hover.svg
[2024-12-12 18:24:08] [DEBUG] [o.f.g.Controller] - Добавление файла: apk_app.png
[2024-12-12 18:24:08] [DEBUG] [o.f.g.Controller] - Добавление файла: back.svg
[2024-12-12 18:24:08] [DEBUG] [o.f.g.Controller] - Добавление файла: back_hover.svg
[2024-12-12 18:24:08] [DEBUG] [o.f.g.Controller] - Добавление файла: back_pressed.svg
[2024-12-12 18:24:08] [DEBUG] [o.f.g.Controller] - Добавление файла: Card_Detail_page.svg
[2024-12-12 18:24:08] [DEBUG] [o.f.g.Controller] - Добавление файла: Card_Elliptical_gradient.svg
[2024-12-12 18:24:08] [DEBUG] [o.f.g.Controller] - Добавление файла: mgr.svg
[2024-12-12 18:24:08] [DEBUG] [o.f.g.Controller] - Добавление файла: mgr_hover.svg
[2024-12-12 18:24:08] [DEBUG] [o.f.g.Controller] - Добавление файла: mgr_pressed.svg
[2024-12-12 18:24:08] [DEBUG] [o.f.g.Controller] - Добавление файла: muti.svg
[2024-12-12 18:24:08] [DEBUG] [o.f.g.Controller] - Добавление файла: muti_on.svg
[2024-12-12 18:24:08] [DEBUG] [o.f.g.Controller] - Добавление файла: mygames_Android.svg
[2024-12-12 18:24:08] [DEBUG] [o.f.g.Controller] - Добавление файла: mygames_Android_on.svg
[2024-12-12 18:24:08] [DEBUG] [o.f.g.Controller] - Добавление файла: mygames_cloud.svg
[2024-12-12 18:24:08] [DEBUG] [o.f.g.Controller] - Добавление файла: mygames_cloud_on.svg
[2024-12-12 18:24:08] [DEBUG] [o.f.g.Controller] - Добавление файла: NavigatorBack_Click.svg
[2024-12-12 18:24:08] [DEBUG] [o.f.g.Controller] - Добавление файла: NavigatorBack_Default.svg
[2024-12-12 18:24:08] [DEBUG] [o.f.g.Controller] - Добавление файла: NavigatorBack_Disable.svg
[2024-12-12 18:24:08] [DEBUG] [o.f.g.Controller] - Добавление файла: NavigatorBack_Holding.svg
[2024-12-12 18:24:08] [DEBUG] [o.f.g.Controller] - Добавление файла: NavigatorForward_Click.svg
[2024-12-12 18:24:08] [DEBUG] [o.f.g.Controller] - Добавление файла: NavigatorForward_Default.svg
[2024-12-12 18:24:08] [DEBUG] [o.f.g.Controller] - Добавление файла: NavigatorForward_Disable.svg
[2024-12-12 18:24:08] [DEBUG] [o.f.g.Controller] - Добавление файла: NavigatorForward_Holding.svg
[2024-12-12 18:24:08] [DEBUG] [o.f.g.Controller] - Добавление файла: next_disable.svg
[2024-12-12 18:24:08] [DEBUG] [o.f.g.Controller] - Добавление файла: next_enable.svg
[2024-12-12 18:24:08] [DEBUG] [o.f.g.Controller] - Добавление файла: next_hover.svg
[2024-12-12 18:24:08] [DEBUG] [o.f.g.Controller] - Добавление файла: no_game_arrow.png
[2024-12-12 18:24:08] [DEBUG] [o.f.g.Controller] - Добавление файла: no_game_bg.png
[2024-12-12 18:24:08] [DEBUG] [o.f.g.Controller] - Добавление файла: no_game_image.png
[2024-12-12 18:24:08] [DEBUG] [o.f.g.Controller] - Добавление файла: pc_refresh_default.svg
[2024-12-12 18:24:08] [DEBUG] [o.f.g.Controller] - Добавление файла: pc_refresh_holding.svg
[2024-12-12 18:24:08] [DEBUG] [o.f.g.Controller] - Добавление файла: pre_disable.svg
[2024-12-12 18:24:08] [DEBUG] [o.f.g.Controller] - Добавление файла: pre_enable.svg
[2024-12-12 18:24:08] [DEBUG] [o.f.g.Controller] - Добавление файла: pre_hover.svg
[2024-12-12 18:24:08] [DEBUG] [o.f.g.Controller] - Добавление файла: Shadow_under_those_cards.png
[2024-12-12 18:24:08] [DEBUG] [o.f.g.Controller] - Добавление файла: tip_ico.svg
[2024-12-12 18:24:08] [DEBUG] [o.f.g.Controller] - Добавление файла: up.svg
[2024-12-12 18:24:08] [DEBUG] [o.f.g.Controller] - Добавление файла: now.gg.svg
[2024-12-12 18:24:08] [DEBUG] [o.f.g.Controller] - Добавление файла: nowgg_logo.png
[2024-12-12 18:24:08] [DEBUG] [o.f.g.Controller] - Добавление подкаталога: Optional
[2024-12-12 18:24:08] [INFO] [o.f.g.Controller] - Анализ каталога: D:\BlueStacks X\image\Optional
[2024-12-12 18:24:08] [DEBUG] [o.f.g.Controller] - Добавление файла: Icon_Help_Default.svg
[2024-12-12 18:24:08] [DEBUG] [o.f.g.Controller] - Добавление файла: Icon_Help_Hover.svg
[2024-12-12 18:24:08] [DEBUG] [o.f.g.Controller] - Добавление файла: Icon_Optional.svg
[2024-12-12 18:24:08] [DEBUG] [o.f.g.Controller] - Добавление файла: Icon_Setting_Default.svg
[2024-12-12 18:24:08] [DEBUG] [o.f.g.Controller] - Добавление файла: Icon_Setting_Hover.svg
[2024-12-12 18:24:08] [DEBUG] [o.f.g.Controller] - Добавление файла: overlay.png
[2024-12-12 18:24:08] [DEBUG] [o.f.g.Controller] - Добавление файла: quest.png
[2024-12-12 18:24:08] [DEBUG] [o.f.g.Controller] - Добавление файла: quest.svg
[2024-12-12 18:24:08] [DEBUG] [o.f.g.Controller] - Добавление подкаталога: radioButton
[2024-12-12 18:24:08] [INFO] [o.f.g.Controller] - Анализ каталога: D:\BlueStacks X\image\radioButton
[2024-12-12 18:24:08] [DEBUG] [o.f.g.Controller] - Добавление файла: selected_hover.svg
[2024-12-12 18:24:08] [DEBUG] [o.f.g.Controller] - Добавление файла: selected_normal.svg
[2024-12-12 18:24:08] [DEBUG] [o.f.g.Controller] - Добавление файла: unselected_disabled.svg
[2024-12-12 18:24:08] [DEBUG] [o.f.g.Controller] - Добавление файла: unselected_hover.svg
[2024-12-12 18:24:08] [DEBUG] [o.f.g.Controller] - Добавление файла: unselected_normal.svg
[2024-12-12 18:24:08] [DEBUG] [o.f.g.Controller] - Добавление файла: restore_normal.svg
[2024-12-12 18:24:08] [DEBUG] [o.f.g.Controller] - Добавление подкаталога: Search
[2024-12-12 18:24:08] [INFO] [o.f.g.Controller] - Анализ каталога: D:\BlueStacks X\image\Search
[2024-12-12 18:24:08] [DEBUG] [o.f.g.Controller] - Добавление файла: DefaultApp.svg
[2024-12-12 18:24:08] [DEBUG] [o.f.g.Controller] - Добавление файла: GooglePlay.svg
[2024-12-12 18:24:08] [DEBUG] [o.f.g.Controller] - Добавление файла: History_ButtonDelete_hover.svg
[2024-12-12 18:24:08] [DEBUG] [o.f.g.Controller] - Добавление файла: History_ButtonDelete_normal.svg
[2024-12-12 18:24:08] [DEBUG] [o.f.g.Controller] - Добавление файла: History_ButtonDelete_pressed.svg
[2024-12-12 18:24:08] [DEBUG] [o.f.g.Controller] - Добавление файла: loading.svg
[2024-12-12 18:24:08] [DEBUG] [o.f.g.Controller] - Добавление файла: mini_and.svg
[2024-12-12 18:24:08] [DEBUG] [o.f.g.Controller] - Добавление файла: mini_cloud.svg
[2024-12-12 18:24:08] [DEBUG] [o.f.g.Controller] - Добавление файла: mini_pc.svg
[2024-12-12 18:24:08] [DEBUG] [o.f.g.Controller] - Добавление файла: Promotes_NoInternet.svg
[2024-12-12 18:24:08] [DEBUG] [o.f.g.Controller] - Добавление файла: Promotes_Title.svg
[2024-12-12 18:24:08] [DEBUG] [o.f.g.Controller] - Добавление файла: Result_NoResult.svg
[2024-12-12 18:24:08] [DEBUG] [o.f.g.Controller] - Добавление файла: Search.svg
[2024-12-12 18:24:08] [DEBUG] [o.f.g.Controller] - Добавление файла: SearchClose.svg
[2024-12-12 18:24:08] [DEBUG] [o.f.g.Controller] - Добавление файла: SearchClose_hover.svg
[2024-12-12 18:24:08] [DEBUG] [o.f.g.Controller] - Добавление файла: SearchHistory.svg
[2024-12-12 18:24:08] [DEBUG] [o.f.g.Controller] - Добавление файла: SearchIndicator.svg
[2024-12-12 18:24:08] [DEBUG] [o.f.g.Controller] - Добавление файла: SearchResult_CS.svg
[2024-12-12 18:24:08] [DEBUG] [o.f.g.Controller] - Добавление подкаталога: settings
[2024-12-12 18:24:08] [INFO] [o.f.g.Controller] - Анализ каталога: D:\BlueStacks X\image\settings
[2024-12-12 18:24:08] [DEBUG] [o.f.g.Controller] - Добавление файла: Icon_Back_Default.svg
[2024-12-12 18:24:08] [DEBUG] [o.f.g.Controller] - Добавление файла: Icon_Back_Hover.svg
[2024-12-12 18:24:08] [DEBUG] [o.f.g.Controller] - Добавление файла: Icon_Close.svg
[2024-12-12 18:24:08] [DEBUG] [o.f.g.Controller] - Добавление файла: Image_Broken.svg
[2024-12-12 18:24:08] [DEBUG] [o.f.g.Controller] - Добавление файла: Image_Default.svg
[2024-12-12 18:24:08] [DEBUG] [o.f.g.Controller] - Добавление файла: Jump.svg
[2024-12-12 18:24:08] [DEBUG] [o.f.g.Controller] - Добавление файла: remove_disabled.svg
[2024-12-12 18:24:08] [DEBUG] [o.f.g.Controller] - Добавление файла: remove_hover.svg
[2024-12-12 18:24:08] [DEBUG] [o.f.g.Controller] - Добавление файла: remove_normal.svg
[2024-12-12 18:24:08] [DEBUG] [o.f.g.Controller] - Добавление файла: remove_pressed.svg
[2024-12-12 18:24:08] [DEBUG] [o.f.g.Controller] - Добавление файла: setting_logo.svg
[2024-12-12 18:24:08] [DEBUG] [o.f.g.Controller] - Добавление файла: warning.svg
[2024-12-12 18:24:08] [DEBUG] [o.f.g.Controller] - Добавление подкаталога: SideBar
[2024-12-12 18:24:08] [INFO] [o.f.g.Controller] - Анализ каталога: D:\BlueStacks X\image\SideBar
[2024-12-12 18:24:08] [DEBUG] [o.f.g.Controller] - Добавление файла: add.svg
[2024-12-12 18:24:08] [DEBUG] [o.f.g.Controller] - Добавление файла: add_hover.svg
[2024-12-12 18:24:08] [DEBUG] [o.f.g.Controller] - Добавление файла: add_pressed.svg
[2024-12-12 18:24:08] [DEBUG] [o.f.g.Controller] - Добавление файла: left_arrow.svg
[2024-12-12 18:24:08] [DEBUG] [o.f.g.Controller] - Добавление файла: left_arrow_hover.svg
[2024-12-12 18:24:08] [DEBUG] [o.f.g.Controller] - Добавление файла: left_arrow_pressed.svg
[2024-12-12 18:24:08] [DEBUG] [o.f.g.Controller] - Добавление файла: tick.png
[2024-12-12 18:24:08] [DEBUG] [o.f.g.Controller] - Добавление файла: toast_icon.svg
[2024-12-12 18:24:08] [DEBUG] [o.f.g.Controller] - Добавление подкаталога: Tutorial
[2024-12-12 18:24:08] [INFO] [o.f.g.Controller] - Анализ каталога: D:\BlueStacks X\image\Tutorial
[2024-12-12 18:24:08] [DEBUG] [o.f.g.Controller] - Добавление подкаталога: InstantPlay
[2024-12-12 18:24:08] [INFO] [o.f.g.Controller] - Анализ каталога: D:\BlueStacks X\image\Tutorial\InstantPlay
[2024-12-12 18:24:08] [DEBUG] [o.f.g.Controller] - Добавление файла: Icon_tip1.svg
[2024-12-12 18:24:08] [DEBUG] [o.f.g.Controller] - Добавление файла: Icon_tip2.svg
[2024-12-12 18:24:08] [DEBUG] [o.f.g.Controller] - Добавление файла: Icon_title.png
[2024-12-12 18:24:08] [DEBUG] [o.f.g.Controller] - Добавление подкаталога: PremiumGames
[2024-12-12 18:24:08] [INFO] [o.f.g.Controller] - Анализ каталога: D:\BlueStacks X\image\Tutorial\PremiumGames
[2024-12-12 18:24:08] [DEBUG] [o.f.g.Controller] - Добавление файла: Icon_tip1.svg
[2024-12-12 18:24:08] [DEBUG] [o.f.g.Controller] - Добавление файла: Icon_tip2.svg
[2024-12-12 18:24:08] [DEBUG] [o.f.g.Controller] - Добавление файла: Icon_title.svg
[2024-12-12 18:24:08] [DEBUG] [o.f.g.Controller] - Добавление подкаталога: TypeIndicator
[2024-12-12 18:24:08] [INFO] [o.f.g.Controller] - Анализ каталога: D:\BlueStacks X\image\TypeIndicator
[2024-12-12 18:24:08] [DEBUG] [o.f.g.Controller] - Добавление файла: AndroidGame.svg
[2024-12-12 18:24:08] [DEBUG] [o.f.g.Controller] - Добавление файла: AndroidGame_hover.svg
[2024-12-12 18:24:08] [DEBUG] [o.f.g.Controller] - Добавление файла: AndroidGame_on.svg
[2024-12-12 18:24:08] [DEBUG] [o.f.g.Controller] - Добавление файла: CloudGame.svg
[2024-12-12 18:24:08] [DEBUG] [o.f.g.Controller] - Добавление файла: CloudGame_hover.svg
[2024-12-12 18:24:08] [DEBUG] [o.f.g.Controller] - Добавление файла: CloudGame_on.svg
[2024-12-12 18:24:08] [DEBUG] [o.f.g.Controller] - Добавление файла: CS.svg
[2024-12-12 18:24:08] [DEBUG] [o.f.g.Controller] - Добавление файла: CS_hover.svg
[2024-12-12 18:24:08] [DEBUG] [o.f.g.Controller] - Добавление файла: CS_on.svg
[2024-12-12 18:24:08] [DEBUG] [o.f.g.Controller] - Добавление файла: home.svg
[2024-12-12 18:24:08] [DEBUG] [o.f.g.Controller] - Добавление файла: home_hover.svg
[2024-12-12 18:24:08] [DEBUG] [o.f.g.Controller] - Добавление файла: home_on.svg
[2024-12-12 18:24:08] [DEBUG] [o.f.g.Controller] - Добавление файла: MyGame.svg
[2024-12-12 18:24:08] [DEBUG] [o.f.g.Controller] - Добавление файла: MyGame_hover.svg
[2024-12-12 18:24:08] [DEBUG] [o.f.g.Controller] - Добавление файла: MyGame_on.svg
[2024-12-12 18:24:08] [DEBUG] [o.f.g.Controller] - Добавление файла: PremiumGame.svg
[2024-12-12 18:24:08] [DEBUG] [o.f.g.Controller] - Добавление файла: PremiumGame_hover.svg
[2024-12-12 18:24:08] [DEBUG] [o.f.g.Controller] - Добавление файла: PremiumGame_on.svg
[2024-12-12 18:24:08] [DEBUG] [o.f.g.Controller] - Добавление файла: Setting.svg
[2024-12-12 18:24:08] [DEBUG] [o.f.g.Controller] - Добавление файла: Setting_hover.svg
[2024-12-12 18:24:08] [DEBUG] [o.f.g.Controller] - Добавление файла: Setting_on.svg
[2024-12-12 18:24:08] [DEBUG] [o.f.g.Controller] - Добавление файла: web3.svg
[2024-12-12 18:24:08] [DEBUG] [o.f.g.Controller] - Добавление файла: web3_hover.svg
[2024-12-12 18:24:08] [DEBUG] [o.f.g.Controller] - Добавление файла: web3_on.svg
[2024-12-12 18:24:08] [DEBUG] [o.f.g.Controller] - Добавление подкаталога: wallet
[2024-12-12 18:24:08] [INFO] [o.f.g.Controller] - Анализ каталога: D:\BlueStacks X\image\wallet
[2024-12-12 18:24:08] [DEBUG] [o.f.g.Controller] - Добавление файла: logo.svg
[2024-12-12 18:24:08] [DEBUG] [o.f.g.Controller] - Добавление файла: topbar_icon.svg
[2024-12-12 18:24:08] [DEBUG] [o.f.g.Controller] - Добавление файла: wallet_description.png
[2024-12-12 18:24:08] [DEBUG] [o.f.g.Controller] - Добавление файла: wallet_description.svg
[2024-12-12 18:24:08] [DEBUG] [o.f.g.Controller] - Добавление файла: wallet_pop.svg
[2024-12-12 18:24:08] [DEBUG] [o.f.g.Controller] - Добавление подкаталога: web3
[2024-12-12 18:24:08] [INFO] [o.f.g.Controller] - Анализ каталога: D:\BlueStacks X\image\web3
[2024-12-12 18:24:08] [DEBUG] [o.f.g.Controller] - Добавление файла: logo.png
[2024-12-12 18:24:08] [DEBUG] [o.f.g.Controller] - Добавление файла: tutorial.png
[2024-12-12 18:24:08] [DEBUG] [o.f.g.Controller] - Добавление подкаталога: imageformats
[2024-12-12 18:24:08] [INFO] [o.f.g.Controller] - Анализ каталога: D:\BlueStacks X\imageformats
[2024-12-12 18:24:08] [DEBUG] [o.f.g.Controller] - Добавление файла: qgif.dll
[2024-12-12 18:24:08] [DEBUG] [o.f.g.Controller] - Добавление файла: qicns.dll
[2024-12-12 18:24:08] [DEBUG] [o.f.g.Controller] - Добавление файла: qico.dll
[2024-12-12 18:24:08] [DEBUG] [o.f.g.Controller] - Добавление файла: qjpeg.dll
[2024-12-12 18:24:08] [DEBUG] [o.f.g.Controller] - Добавление файла: qsvg.dll
[2024-12-12 18:24:08] [DEBUG] [o.f.g.Controller] - Добавление файла: qtga.dll
[2024-12-12 18:24:08] [DEBUG] [o.f.g.Controller] - Добавление файла: qtiff.dll
[2024-12-12 18:24:08] [DEBUG] [o.f.g.Controller] - Добавление файла: qwbmp.dll
[2024-12-12 18:24:08] [DEBUG] [o.f.g.Controller] - Добавление файла: qwebp.dll
[2024-12-12 18:24:08] [DEBUG] [o.f.g.Controller] - Добавление подкаталога: language
[2024-12-12 18:24:08] [INFO] [o.f.g.Controller] - Анализ каталога: D:\BlueStacks X\language
[2024-12-12 18:24:08] [DEBUG] [o.f.g.Controller] - Добавление файла: ar.qm
[2024-12-12 18:24:08] [DEBUG] [o.f.g.Controller] - Добавление файла: chs.qm
[2024-12-12 18:24:08] [DEBUG] [o.f.g.Controller] - Добавление файла: cht.qm
[2024-12-12 18:24:08] [DEBUG] [o.f.g.Controller] - Добавление файла: de.qm
[2024-12-12 18:24:08] [DEBUG] [o.f.g.Controller] - Добавление файла: en.qm
[2024-12-12 18:24:08] [DEBUG] [o.f.g.Controller] - Добавление файла: es.qm
[2024-12-12 18:24:08] [DEBUG] [o.f.g.Controller] - Добавление файла: fr.qm
[2024-12-12 18:24:08] [DEBUG] [o.f.g.Controller] - Добавление файла: id.qm
[2024-12-12 18:24:08] [DEBUG] [o.f.g.Controller] - Добавление файла: it.qm
[2024-12-12 18:24:08] [DEBUG] [o.f.g.Controller] - Добавление файла: ja.qm
[2024-12-12 18:24:08] [DEBUG] [o.f.g.Controller] - Добавление файла: ko.qm
[2024-12-12 18:24:08] [DEBUG] [o.f.g.Controller] - Добавление файла: pl.qm
[2024-12-12 18:24:08] [DEBUG] [o.f.g.Controller] - Добавление файла: pt.qm
[2024-12-12 18:24:08] [DEBUG] [o.f.g.Controller] - Добавление файла: ru.qm
[2024-12-12 18:24:08] [DEBUG] [o.f.g.Controller] - Добавление файла: th.qm
[2024-12-12 18:24:08] [DEBUG] [o.f.g.Controller] - Добавление файла: tr.qm
[2024-12-12 18:24:08] [DEBUG] [o.f.g.Controller] - Добавление файла: vi.qm
[2024-12-12 18:24:08] [DEBUG] [o.f.g.Controller] - Добавление файла: libcrypto-1_1.dll
[2024-12-12 18:24:08] [DEBUG] [o.f.g.Controller] - Добавление файла: libEGL.dll
[2024-12-12 18:24:08] [DEBUG] [o.f.g.Controller] - Добавление файла: libGLESv2.dll
[2024-12-12 18:24:08] [DEBUG] [o.f.g.Controller] - Добавление файла: libssl-1_1.dll
[2024-12-12 18:24:08] [DEBUG] [o.f.g.Controller] - Добавление файла: libvlc.dll
[2024-12-12 18:24:08] [DEBUG] [o.f.g.Controller] - Добавление файла: libvlccore.dll
[2024-12-12 18:24:08] [DEBUG] [o.f.g.Controller] - Добавление подкаталога: mediaservice
[2024-12-12 18:24:08] [INFO] [o.f.g.Controller] - Анализ каталога: D:\BlueStacks X\mediaservice
[2024-12-12 18:24:08] [DEBUG] [o.f.g.Controller] - Добавление файла: dsengine.dll
[2024-12-12 18:24:08] [DEBUG] [o.f.g.Controller] - Добавление файла: qtmedia_audioengine.dll
[2024-12-12 18:24:08] [DEBUG] [o.f.g.Controller] - Добавление файла: wmfengine.dll
[2024-12-12 18:24:08] [DEBUG] [o.f.g.Controller] - Добавление файла: msvcp140.dll
[2024-12-12 18:24:08] [DEBUG] [o.f.g.Controller] - Добавление файла: msvcp140_1.dll
[2024-12-12 18:24:08] [DEBUG] [o.f.g.Controller] - Добавление файла: msvcp140_2.dll
[2024-12-12 18:24:08] [DEBUG] [o.f.g.Controller] - Добавление файла: msvcp140_atomic_wait.dll
[2024-12-12 18:24:08] [DEBUG] [o.f.g.Controller] - Добавление файла: msvcp140_codecvt_ids.dll
[2024-12-12 18:24:08] [DEBUG] [o.f.g.Controller] - Добавление файла: opengl32sw.dll
[2024-12-12 18:24:08] [DEBUG] [o.f.g.Controller] - Добавление подкаталога: platforms
[2024-12-12 18:24:08] [INFO] [o.f.g.Controller] - Анализ каталога: D:\BlueStacks X\platforms
[2024-12-12 18:24:08] [DEBUG] [o.f.g.Controller] - Добавление файла: qwindows.dll
[2024-12-12 18:24:08] [DEBUG] [o.f.g.Controller] - Добавление подкаталога: playlistformats
[2024-12-12 18:24:08] [INFO] [o.f.g.Controller] - Анализ каталога: D:\BlueStacks X\playlistformats
[2024-12-12 18:24:08] [DEBUG] [o.f.g.Controller] - Добавление файла: qtmultimedia_m3u.dll
[2024-12-12 18:24:08] [DEBUG] [o.f.g.Controller] - Добавление подкаталога: plugins
[2024-12-12 18:24:08] [INFO] [o.f.g.Controller] - Анализ каталога: D:\BlueStacks X\plugins
[2024-12-12 18:24:08] [DEBUG] [o.f.g.Controller] - Добавление подкаталога: access
[2024-12-12 18:24:08] [INFO] [o.f.g.Controller] - Анализ каталога: D:\BlueStacks X\plugins\access
[2024-12-12 18:24:08] [DEBUG] [o.f.g.Controller] - Добавление файла: libaccess_concat_plugin.dll
[2024-12-12 18:24:08] [DEBUG] [o.f.g.Controller] - Добавление файла: libaccess_imem_plugin.dll
[2024-12-12 18:24:08] [DEBUG] [o.f.g.Controller] - Добавление файла: libaccess_mms_plugin.dll
[2024-12-12 18:24:08] [DEBUG] [o.f.g.Controller] - Добавление файла: libaccess_realrtsp_plugin.dll
[2024-12-12 18:24:08] [DEBUG] [o.f.g.Controller] - Добавление файла: libaccess_wasapi_plugin.dll
[2024-12-12 18:24:08] [DEBUG] [o.f.g.Controller] - Добавление файла: libattachment_plugin.dll
[2024-12-12 18:24:08] [DEBUG] [o.f.g.Controller] - Добавление файла: libdvdnav_plugin.dll
[2024-12-12 18:24:08] [DEBUG] [o.f.g.Controller] - Добавление файла: libdvdread_plugin.dll
[2024-12-12 18:24:08] [DEBUG] [o.f.g.Controller] - Добавление файла: libfilesystem_plugin.dll
[2024-12-12 18:24:08] [DEBUG] [o.f.g.Controller] - Добавление файла: libftp_plugin.dll
[2024-12-12 18:24:08] [DEBUG] [o.f.g.Controller] - Добавление файла: libhttps_plugin.dll
[2024-12-12 18:24:08] [DEBUG] [o.f.g.Controller] - Добавление файла: libhttp_plugin.dll
[2024-12-12 18:24:08] [DEBUG] [o.f.g.Controller] - Добавление файла: libidummy_plugin.dll
[2024-12-12 18:24:08] [DEBUG] [o.f.g.Controller] - Добавление файла: libimem_plugin.dll
[2024-12-12 18:24:08] [DEBUG] [o.f.g.Controller] - Добавление файла: libnfs_plugin.dll
[2024-12-12 18:24:08] [DEBUG] [o.f.g.Controller] - Добавление файла: librist_plugin.dll
[2024-12-12 18:24:08] [DEBUG] [o.f.g.Controller] - Добавление файла: librtp_plugin.dll
[2024-12-12 18:24:08] [DEBUG] [o.f.g.Controller] - Добавление файла: libsatip_plugin.dll
[2024-12-12 18:24:08] [DEBUG] [o.f.g.Controller] - Добавление файла: libscreen_plugin.dll
[2024-12-12 18:24:08] [DEBUG] [o.f.g.Controller] - Добавление файла: libsdp_plugin.dll
[2024-12-12 18:24:08] [DEBUG] [o.f.g.Controller] - Добавление файла: libshm_plugin.dll
[2024-12-12 18:24:08] [DEBUG] [o.f.g.Controller] - Добавление файла: libsmb_plugin.dll
[2024-12-12 18:24:08] [DEBUG] [o.f.g.Controller] - Добавление файла: libtcp_plugin.dll
[2024-12-12 18:24:08] [DEBUG] [o.f.g.Controller] - Добавление файла: libtimecode_plugin.dll
[2024-12-12 18:24:08] [DEBUG] [o.f.g.Controller] - Добавление файла: libudp_plugin.dll
[2024-12-12 18:24:08] [DEBUG] [o.f.g.Controller] - Добавление файла: libvcd_plugin.dll
[2024-12-12 18:24:08] [DEBUG] [o.f.g.Controller] - Добавление файла: libvdr_plugin.dll
[2024-12-12 18:24:08] [DEBUG] [o.f.g.Controller] - Добавление подкаталога: audio_filter
[2024-12-12 18:24:08] [INFO] [o.f.g.Controller] - Анализ каталога: D:\BlueStacks X\plugins\audio_filter
[2024-12-12 18:24:08] [DEBUG] [o.f.g.Controller] - Добавление файла: libaudiobargraph_a_plugin.dll
[2024-12-12 18:24:08] [DEBUG] [o.f.g.Controller] - Добавление файла: libaudio_format_plugin.dll
[2024-12-12 18:24:08] [DEBUG] [o.f.g.Controller] - Добавление файла: libchorus_flanger_plugin.dll
[2024-12-12 18:24:08] [DEBUG] [o.f.g.Controller] - Добавление файла: libcompressor_plugin.dll
[2024-12-12 18:24:08] [DEBUG] [o.f.g.Controller] - Добавление файла: libdolby_surround_decoder_plugin.dll
[2024-12-12 18:24:08] [DEBUG] [o.f.g.Controller] - Добавление файла: libequalizer_plugin.dll
[2024-12-12 18:24:08] [DEBUG] [o.f.g.Controller] - Добавление файла: libgain_plugin.dll
[2024-12-12 18:24:08] [DEBUG] [o.f.g.Controller] - Добавление файла: libheadphone_channel_mixer_plugin.dll
[2024-12-12 18:24:08] [DEBUG] [o.f.g.Controller] - Добавление файла: libkaraoke_plugin.dll
[2024-12-12 18:24:08] [DEBUG] [o.f.g.Controller] - Добавление файла: libmad_plugin.dll
[2024-12-12 18:24:08] [DEBUG] [o.f.g.Controller] - Добавление файла: libmono_plugin.dll
[2024-12-12 18:24:08] [DEBUG] [o.f.g.Controller] - Добавление файла: libnormvol_plugin.dll
[2024-12-12 18:24:08] [DEBUG] [o.f.g.Controller] - Добавление файла: libparam_eq_plugin.dll
[2024-12-12 18:24:08] [DEBUG] [o.f.g.Controller] - Добавление файла: libremap_plugin.dll
[2024-12-12 18:24:08] [DEBUG] [o.f.g.Controller] - Добавление файла: libsamplerate_plugin.dll
[2024-12-12 18:24:08] [DEBUG] [o.f.g.Controller] - Добавление файла: libscaletempo_pitch_plugin.dll
[2024-12-12 18:24:08] [DEBUG] [o.f.g.Controller] - Добавление файла: libscaletempo_plugin.dll
[2024-12-12 18:24:08] [DEBUG] [o.f.g.Controller] - Добавление файла: libsimple_channel_mixer_plugin.dll
[2024-12-12 18:24:08] [DEBUG] [o.f.g.Controller] - Добавление файла: libspatialaudio_plugin.dll
[2024-12-12 18:24:08] [DEBUG] [o.f.g.Controller] - Добавление файла: libspatializer_plugin.dll
[2024-12-12 18:24:08] [DEBUG] [o.f.g.Controller] - Добавление файла: libspeex_resampler_plugin.dll
[2024-12-12 18:24:08] [DEBUG] [o.f.g.Controller] - Добавление файла: libstereo_widen_plugin.dll
[2024-12-12 18:24:08] [DEBUG] [o.f.g.Controller] - Добавление файла: libtospdif_plugin.dll
[2024-12-12 18:24:08] [DEBUG] [o.f.g.Controller] - Добавление файла: libtrivial_channel_mixer_plugin.dll
[2024-12-12 18:24:08] [DEBUG] [o.f.g.Controller] - Добавление файла: libugly_resampler_plugin.dll
[2024-12-12 18:24:08] [DEBUG] [o.f.g.Controller] - Добавление подкаталога: audio_mixer
[2024-12-12 18:24:08] [INFO] [o.f.g.Controller] - Анализ каталога: D:\BlueStacks X\plugins\audio_mixer
[2024-12-12 18:24:08] [DEBUG] [o.f.g.Controller] - Добавление файла: libfloat_mixer_plugin.dll
[2024-12-12 18:24:08] [DEBUG] [o.f.g.Controller] - Добавление файла: libinteger_mixer_plugin.dll
[2024-12-12 18:24:08] [DEBUG] [o.f.g.Controller] - Добавление подкаталога: audio_output
[2024-12-12 18:24:08] [INFO] [o.f.g.Controller] - Анализ каталога: D:\BlueStacks X\plugins\audio_output
[2024-12-12 18:24:08] [DEBUG] [o.f.g.Controller] - Добавление файла: libadummy_plugin.dll
[2024-12-12 18:24:08] [DEBUG] [o.f.g.Controller] - Добавление файла: libafile_plugin.dll
[2024-12-12 18:24:08] [DEBUG] [o.f.g.Controller] - Добавление файла: libamem_plugin.dll
[2024-12-12 18:24:08] [DEBUG] [o.f.g.Controller] - Добавление файла: libdirectsound_plugin.dll
[2024-12-12 18:24:08] [DEBUG] [o.f.g.Controller] - Добавление файла: libmmdevice_plugin.dll
[2024-12-12 18:24:08] [DEBUG] [o.f.g.Controller] - Добавление файла: libwasapi_plugin.dll
[2024-12-12 18:24:08] [DEBUG] [o.f.g.Controller] - Добавление файла: libwaveout_plugin.dll
[2024-12-12 18:24:08] [DEBUG] [o.f.g.Controller] - Добавление подкаталога: aws
[2024-12-12 18:24:08] [INFO] [o.f.g.Controller] - Анализ каталога: D:\BlueStacks X\plugins\aws
[2024-12-12 18:24:08] [DEBUG] [o.f.g.Controller] - Добавление файла: aws-c-auth.dll
[2024-12-12 18:24:08] [DEBUG] [o.f.g.Controller] - Добавление файла: aws-c-cal.dll
[2024-12-12 18:24:08] [DEBUG] [o.f.g.Controller] - Добавление файла: aws-c-common.dll
[2024-12-12 18:24:08] [DEBUG] [o.f.g.Controller] - Добавление файла: aws-c-compression.dll
[2024-12-12 18:24:08] [DEBUG] [o.f.g.Controller] - Добавление файла: aws-c-event-stream.dll
[2024-12-12 18:24:08] [DEBUG] [o.f.g.Controller] - Добавление файла: aws-c-http.dll
[2024-12-12 18:24:08] [DEBUG] [o.f.g.Controller] - Добавление файла: aws-c-io.dll
[2024-12-12 18:24:08] [DEBUG] [o.f.g.Controller] - Добавление файла: aws-c-mqtt.dll
[2024-12-12 18:24:08] [DEBUG] [o.f.g.Controller] - Добавление файла: aws-c-s3.dll
[2024-12-12 18:24:08] [DEBUG] [o.f.g.Controller] - Добавление файла: aws-checksums.dll
[2024-12-12 18:24:08] [DEBUG] [o.f.g.Controller] - Добавление файла: aws-cpp-sdk-core.dll
[2024-12-12 18:24:08] [DEBUG] [o.f.g.Controller] - Добавление файла: aws-cpp-sdk-s3.dll
[2024-12-12 18:24:08] [DEBUG] [o.f.g.Controller] - Добавление файла: aws-cpp-sdk-transfer.dll
[2024-12-12 18:24:08] [DEBUG] [o.f.g.Controller] - Добавление файла: aws-crt-cpp.dll
[2024-12-12 18:24:08] [DEBUG] [o.f.g.Controller] - Добавление подкаталога: codec
[2024-12-12 18:24:08] [INFO] [o.f.g.Controller] - Анализ каталога: D:\BlueStacks X\plugins\codec
[2024-12-12 18:24:08] [DEBUG] [o.f.g.Controller] - Добавление файла: liba52_plugin.dll
[2024-12-12 18:24:08] [DEBUG] [o.f.g.Controller] - Добавление файла: libaes3_plugin.dll
[2024-12-12 18:24:08] [DEBUG] [o.f.g.Controller] - Добавление файла: libaraw_plugin.dll
[2024-12-12 18:24:08] [DEBUG] [o.f.g.Controller] - Добавление файла: libavcodec_plugin.dll
[2024-12-12 18:24:08] [DEBUG] [o.f.g.Controller] - Добавление файла: libcdg_plugin.dll
[2024-12-12 18:24:08] [DEBUG] [o.f.g.Controller] - Добавление файла: libflac_plugin.dll
[2024-12-12 18:24:08] [DEBUG] [o.f.g.Controller] - Добавление файла: libfluidsynth_plugin.dll
[2024-12-12 18:24:08] [DEBUG] [o.f.g.Controller] - Добавление файла: liblibass_plugin.dll
[2024-12-12 18:24:08] [DEBUG] [o.f.g.Controller] - Добавление файла: liblpcm_plugin.dll
[2024-12-12 18:24:08] [DEBUG] [o.f.g.Controller] - Добавление файла: libpng_plugin.dll
[2024-12-12 18:24:08] [DEBUG] [o.f.g.Controller] - Добавление файла: libschroedinger_plugin.dll
[2024-12-12 18:24:08] [DEBUG] [o.f.g.Controller] - Добавление файла: libspeex_plugin.dll
[2024-12-12 18:24:08] [DEBUG] [o.f.g.Controller] - Добавление файла: libspudec_plugin.dll
[2024-12-12 18:24:08] [DEBUG] [o.f.g.Controller] - Добавление файла: libtheora_plugin.dll
[2024-12-12 18:24:08] [DEBUG] [o.f.g.Controller] - Добавление файла: libvorbis_plugin.dll
[2024-12-12 18:24:08] [DEBUG] [o.f.g.Controller] - Добавление подкаталога: lua
[2024-12-12 18:24:08] [INFO] [o.f.g.Controller] - Анализ каталога: D:\BlueStacks X\plugins\lua
[2024-12-12 18:24:08] [DEBUG] [o.f.g.Controller] - Добавление файла: liblua_plugin.dll
[2024-12-12 18:24:08] [DEBUG] [o.f.g.Controller] - Добавление подкаталога: meta_engine
[2024-12-12 18:24:08] [INFO] [o.f.g.Controller] - Анализ каталога: D:\BlueStacks X\plugins\meta_engine
[2024-12-12 18:24:08] [DEBUG] [o.f.g.Controller] - Добавление файла: libfolder_plugin.dll
[2024-12-12 18:24:08] [DEBUG] [o.f.g.Controller] - Добавление файла: libtaglib_plugin.dll
[2024-12-12 18:24:08] [DEBUG] [o.f.g.Controller] - Добавление подкаталога: misc
[2024-12-12 18:24:08] [INFO] [o.f.g.Controller] - Анализ каталога: D:\BlueStacks X\plugins\misc
[2024-12-12 18:24:08] [DEBUG] [o.f.g.Controller] - Добавление файла: libaddonsfsstorage_plugin.dll
[2024-12-12 18:24:08] [DEBUG] [o.f.g.Controller] - Добавление файла: libaddonsvorepository_plugin.dll
[2024-12-12 18:24:08] [DEBUG] [o.f.g.Controller] - Добавление файла: libaudioscrobbler_plugin.dll
[2024-12-12 18:24:08] [DEBUG] [o.f.g.Controller] - Добавление файла: libexport_plugin.dll
[2024-12-12 18:24:08] [DEBUG] [o.f.g.Controller] - Добавление файла: libfingerprinter_plugin.dll
[2024-12-12 18:24:08] [DEBUG] [o.f.g.Controller] - Добавление файла: libgnutls_plugin.dll
[2024-12-12 18:24:08] [DEBUG] [o.f.g.Controller] - Добавление файла: liblogger_plugin.dll
[2024-12-12 18:24:08] [DEBUG] [o.f.g.Controller] - Добавление файла: libstats_plugin.dll
[2024-12-12 18:24:08] [DEBUG] [o.f.g.Controller] - Добавление файла: libvod_rtsp_plugin.dll
[2024-12-12 18:24:08] [DEBUG] [o.f.g.Controller] - Добавление файла: libxml_plugin.dll
[2024-12-12 18:24:08] [DEBUG] [o.f.g.Controller] - Добавление подкаталога: mux
[2024-12-12 18:24:08] [INFO] [o.f.g.Controller] - Анализ каталога: D:\BlueStacks X\plugins\mux
[2024-12-12 18:24:08] [DEBUG] [o.f.g.Controller] - Добавление файла: libmux_asf_plugin.dll
[2024-12-12 18:24:08] [DEBUG] [o.f.g.Controller] - Добавление файла: libmux_avi_plugin.dll
[2024-12-12 18:24:08] [DEBUG] [o.f.g.Controller] - Добавление файла: libmux_dummy_plugin.dll
[2024-12-12 18:24:08] [DEBUG] [o.f.g.Controller] - Добавление файла: libmux_mp4_plugin.dll
[2024-12-12 18:24:08] [DEBUG] [o.f.g.Controller] - Добавление файла: libmux_mpjpeg_plugin.dll
[2024-12-12 18:24:08] [DEBUG] [o.f.g.Controller] - Добавление файла: libmux_ogg_plugin.dll
[2024-12-12 18:24:08] [DEBUG] [o.f.g.Controller] - Добавление файла: libmux_ps_plugin.dll
[2024-12-12 18:24:08] [DEBUG] [o.f.g.Controller] - Добавление файла: libmux_ts_plugin.dll
[2024-12-12 18:24:08] [DEBUG] [o.f.g.Controller] - Добавление файла: libmux_wav_plugin.dll
[2024-12-12 18:24:08] [DEBUG] [o.f.g.Controller] - Добавление подкаталога: services_discovery
[2024-12-12 18:24:08] [INFO] [o.f.g.Controller] - Анализ каталога: D:\BlueStacks X\plugins\services_discovery
[2024-12-12 18:24:08] [DEBUG] [o.f.g.Controller] - Добавление файла: libmediadirs_plugin.dll
[2024-12-12 18:24:08] [DEBUG] [o.f.g.Controller] - Добавление файла: libmicrodns_plugin.dll
[2024-12-12 18:24:08] [DEBUG] [o.f.g.Controller] - Добавление файла: libpodcast_plugin.dll
[2024-12-12 18:24:08] [DEBUG] [o.f.g.Controller] - Добавление файла: libsap_plugin.dll
[2024-12-12 18:24:08] [DEBUG] [o.f.g.Controller] - Добавление файла: libupnp_plugin.dll
[2024-12-12 18:24:08] [DEBUG] [o.f.g.Controller] - Добавление файла: libwindrive_plugin.dll
[2024-12-12 18:24:08] [DEBUG] [o.f.g.Controller] - Добавление подкаталога: stream_filter
[2024-12-12 18:24:08] [INFO] [o.f.g.Controller] - Анализ каталога: D:\BlueStacks X\plugins\stream_filter
[2024-12-12 18:24:08] [DEBUG] [o.f.g.Controller] - Добавление файла: libadf_plugin.dll
[2024-12-12 18:24:08] [DEBUG] [o.f.g.Controller] - Добавление файла: libaribcam_plugin.dll
[2024-12-12 18:24:08] [DEBUG] [o.f.g.Controller] - Добавление файла: libcache_block_plugin.dll
[2024-12-12 18:24:08] [DEBUG] [o.f.g.Controller] - Добавление файла: libcache_read_plugin.dll
[2024-12-12 18:24:08] [DEBUG] [o.f.g.Controller] - Добавление файла: libhds_plugin.dll
[2024-12-12 18:24:08] [DEBUG] [o.f.g.Controller] - Добавление файла: libinflate_plugin.dll
[2024-12-12 18:24:08] [DEBUG] [o.f.g.Controller] - Добавление файла: libprefetch_plugin.dll
[2024-12-12 18:24:08] [DEBUG] [o.f.g.Controller] - Добавление файла: librecord_plugin.dll
[2024-12-12 18:24:08] [DEBUG] [o.f.g.Controller] - Добавление файла: libskiptags_plugin.dll
[2024-12-12 18:24:08] [DEBUG] [o.f.g.Controller] - Добавление подкаталога: video_chroma
[2024-12-12 18:24:08] [INFO] [o.f.g.Controller] - Анализ каталога: D:\BlueStacks X\plugins\video_chroma
[2024-12-12 18:24:08] [DEBUG] [o.f.g.Controller] - Добавление файла: libchain_plugin.dll
[2024-12-12 18:24:08] [DEBUG] [o.f.g.Controller] - Добавление файла: libgrey_yuv_plugin.dll
[2024-12-12 18:24:08] [DEBUG] [o.f.g.Controller] - Добавление файла: libi420_10_p010_plugin.dll
[2024-12-12 18:24:08] [DEBUG] [o.f.g.Controller] - Добавление файла: libi420_nv12_plugin.dll
[2024-12-12 18:24:08] [DEBUG] [o.f.g.Controller] - Добавление файла: libi420_rgb_mmx_plugin.dll
[2024-12-12 18:24:08] [DEBUG] [o.f.g.Controller] - Добавление файла: libi420_rgb_plugin.dll
[2024-12-12 18:24:08] [DEBUG] [o.f.g.Controller] - Добавление файла: libi420_rgb_sse2_plugin.dll
[2024-12-12 18:24:08] [DEBUG] [o.f.g.Controller] - Добавление файла: libi420_yuy2_mmx_plugin.dll
[2024-12-12 18:24:08] [DEBUG] [o.f.g.Controller] - Добавление файла: libi420_yuy2_plugin.dll
[2024-12-12 18:24:08] [DEBUG] [o.f.g.Controller] - Добавление файла: libi420_yuy2_sse2_plugin.dll
[2024-12-12 18:24:08] [DEBUG] [o.f.g.Controller] - Добавление файла: libi422_i420_plugin.dll
[2024-12-12 18:24:08] [DEBUG] [o.f.g.Controller] - Добавление файла: libi422_yuy2_mmx_plugin.dll
[2024-12-12 18:24:08] [DEBUG] [o.f.g.Controller] - Добавление файла: libi422_yuy2_plugin.dll
[2024-12-12 18:24:08] [DEBUG] [o.f.g.Controller] - Добавление файла: libi422_yuy2_sse2_plugin.dll
[2024-12-12 18:24:08] [DEBUG] [o.f.g.Controller] - Добавление файла: librv32_plugin.dll
[2024-12-12 18:24:08] [DEBUG] [o.f.g.Controller] - Добавление файла: libswscale_plugin.dll
[2024-12-12 18:24:08] [DEBUG] [o.f.g.Controller] - Добавление файла: libyuvp_plugin.dll
[2024-12-12 18:24:08] [DEBUG] [o.f.g.Controller] - Добавление файла: libyuy2_i420_plugin.dll
[2024-12-12 18:24:08] [DEBUG] [o.f.g.Controller] - Добавление файла: libyuy2_i422_plugin.dll
[2024-12-12 18:24:08] [DEBUG] [o.f.g.Controller] - Добавление подкаталога: video_filter
[2024-12-12 18:24:08] [INFO] [o.f.g.Controller] - Анализ каталога: D:\BlueStacks X\plugins\video_filter
[2024-12-12 18:24:08] [DEBUG] [o.f.g.Controller] - Добавление файла: libadjust_plugin.dll
[2024-12-12 18:24:08] [DEBUG] [o.f.g.Controller] - Добавление файла: libalphamask_plugin.dll
[2024-12-12 18:24:08] [DEBUG] [o.f.g.Controller] - Добавление файла: libanaglyph_plugin.dll
[2024-12-12 18:24:08] [DEBUG] [o.f.g.Controller] - Добавление файла: libantiflicker_plugin.dll
[2024-12-12 18:24:08] [DEBUG] [o.f.g.Controller] - Добавление файла: libball_plugin.dll
[2024-12-12 18:24:08] [DEBUG] [o.f.g.Controller] - Добавление файла: libblendbench_plugin.dll
[2024-12-12 18:24:08] [DEBUG] [o.f.g.Controller] - Добавление файла: libblend_plugin.dll
[2024-12-12 18:24:08] [DEBUG] [o.f.g.Controller] - Добавление файла: libbluescreen_plugin.dll
[2024-12-12 18:24:08] [DEBUG] [o.f.g.Controller] - Добавление файла: libcanvas_plugin.dll
[2024-12-12 18:24:08] [DEBUG] [o.f.g.Controller] - Добавление файла: libcolorthres_plugin.dll
[2024-12-12 18:24:08] [DEBUG] [o.f.g.Controller] - Добавление файла: libcroppadd_plugin.dll
[2024-12-12 18:24:08] [DEBUG] [o.f.g.Controller] - Добавление файла: libdeinterlace_plugin.dll
[2024-12-12 18:24:08] [DEBUG] [o.f.g.Controller] - Добавление файла: libedgedetection_plugin.dll
[2024-12-12 18:24:08] [DEBUG] [o.f.g.Controller] - Добавление файла: liberase_plugin.dll
[2024-12-12 18:24:08] [DEBUG] [o.f.g.Controller] - Добавление файла: libextract_plugin.dll
[2024-12-12 18:24:08] [DEBUG] [o.f.g.Controller] - Добавление файла: libfps_plugin.dll
[2024-12-12 18:24:08] [DEBUG] [o.f.g.Controller] - Добавление файла: libfreeze_plugin.dll
[2024-12-12 18:24:08] [DEBUG] [o.f.g.Controller] - Добавление файла: libgaussianblur_plugin.dll
[2024-12-12 18:24:08] [DEBUG] [o.f.g.Controller] - Добавление файла: libgradfun_plugin.dll
[2024-12-12 18:24:08] [DEBUG] [o.f.g.Controller] - Добавление файла: libgradient_plugin.dll
[2024-12-12 18:24:08] [DEBUG] [o.f.g.Controller] - Добавление файла: libgrain_plugin.dll
[2024-12-12 18:24:08] [DEBUG] [o.f.g.Controller] - Добавление файла: libhqdn3d_plugin.dll
[2024-12-12 18:24:08] [DEBUG] [o.f.g.Controller] - Добавление файла: libinvert_plugin.dll
[2024-12-12 18:24:08] [DEBUG] [o.f.g.Controller] - Добавление файла: libmagnify_plugin.dll
[2024-12-12 18:24:08] [DEBUG] [o.f.g.Controller] - Добавление файла: libmirror_plugin.dll
[2024-12-12 18:24:08] [DEBUG] [o.f.g.Controller] - Добавление файла: libmotionblur_plugin.dll
[2024-12-12 18:24:08] [DEBUG] [o.f.g.Controller] - Добавление файла: libmotiondetect_plugin.dll
[2024-12-12 18:24:08] [DEBUG] [o.f.g.Controller] - Добавление файла: liboldmovie_plugin.dll
[2024-12-12 18:24:08] [DEBUG] [o.f.g.Controller] - Добавление файла: libposterize_plugin.dll
[2024-12-12 18:24:08] [DEBUG] [o.f.g.Controller] - Добавление файла: libpostproc_plugin.dll
[2024-12-12 18:24:08] [DEBUG] [o.f.g.Controller] - Добавление файла: libpsychedelic_plugin.dll
[2024-12-12 18:24:08] [DEBUG] [o.f.g.Controller] - Добавление файла: libpuzzle_plugin.dll
[2024-12-12 18:24:08] [DEBUG] [o.f.g.Controller] - Добавление файла: libripple_plugin.dll
[2024-12-12 18:24:08] [DEBUG] [o.f.g.Controller] - Добавление файла: librotate_plugin.dll
[2024-12-12 18:24:08] [DEBUG] [o.f.g.Controller] - Добавление файла: libscale_plugin.dll
[2024-12-12 18:24:08] [DEBUG] [o.f.g.Controller] - Добавление файла: libscene_plugin.dll
[2024-12-12 18:24:08] [DEBUG] [o.f.g.Controller] - Добавление файла: libsepia_plugin.dll
[2024-12-12 18:24:08] [DEBUG] [o.f.g.Controller] - Добавление файла: libsharpen_plugin.dll
[2024-12-12 18:24:08] [DEBUG] [o.f.g.Controller] - Добавление файла: libtransform_plugin.dll
[2024-12-12 18:24:08] [DEBUG] [o.f.g.Controller] - Добавление файла: libvhs_plugin.dll
[2024-12-12 18:24:08] [DEBUG] [o.f.g.Controller] - Добавление файла: libwave_plugin.dll
[2024-12-12 18:24:08] [DEBUG] [o.f.g.Controller] - Добавление подкаталога: video_output
[2024-12-12 18:24:08] [INFO] [o.f.g.Controller] - Анализ каталога: D:\BlueStacks X\plugins\video_output
[2024-12-12 18:24:08] [DEBUG] [o.f.g.Controller] - Добавление файла: libcaca_plugin.dll
[2024-12-12 18:24:08] [DEBUG] [o.f.g.Controller] - Добавление файла: libdirect3d11_plugin.dll
[2024-12-12 18:24:08] [DEBUG] [o.f.g.Controller] - Добавление файла: libdirect3d9_plugin.dll
[2024-12-12 18:24:08] [DEBUG] [o.f.g.Controller] - Добавление файла: libdirectdraw_plugin.dll
[2024-12-12 18:24:08] [DEBUG] [o.f.g.Controller] - Добавление файла: libdrawable_plugin.dll
[2024-12-12 18:24:08] [DEBUG] [o.f.g.Controller] - Добавление файла: libflaschen_plugin.dll
[2024-12-12 18:24:08] [DEBUG] [o.f.g.Controller] - Добавление файла: libglwin32_plugin.dll
[2024-12-12 18:24:08] [DEBUG] [o.f.g.Controller] - Добавление файла: libgl_plugin.dll
[2024-12-12 18:24:08] [DEBUG] [o.f.g.Controller] - Добавление файла: libvdummy_plugin.dll
[2024-12-12 18:24:08] [DEBUG] [o.f.g.Controller] - Добавление файла: libvmem_plugin.dll
[2024-12-12 18:24:08] [DEBUG] [o.f.g.Controller] - Добавление файла: libwgl_plugin.dll
[2024-12-12 18:24:08] [DEBUG] [o.f.g.Controller] - Добавление файла: libwingdi_plugin.dll
[2024-12-12 18:24:08] [DEBUG] [o.f.g.Controller] - Добавление файла: libwinhibit_plugin.dll
[2024-12-12 18:24:08] [DEBUG] [o.f.g.Controller] - Добавление файла: libyuv_plugin.dll
[2024-12-12 18:24:08] [DEBUG] [o.f.g.Controller] - Добавление подкаталога: video_splitter
[2024-12-12 18:24:08] [INFO] [o.f.g.Controller] - Анализ каталога: D:\BlueStacks X\plugins\video_splitter
[2024-12-12 18:24:08] [DEBUG] [o.f.g.Controller] - Добавление файла: libclone_plugin.dll
[2024-12-12 18:24:08] [DEBUG] [o.f.g.Controller] - Добавление файла: libpanoramix_plugin.dll
[2024-12-12 18:24:08] [DEBUG] [o.f.g.Controller] - Добавление файла: libwall_plugin.dll
[2024-12-12 18:24:08] [DEBUG] [o.f.g.Controller] - Добавление подкаталога: position
[2024-12-12 18:24:08] [INFO] [o.f.g.Controller] - Анализ каталога: D:\BlueStacks X\position
[2024-12-12 18:24:08] [DEBUG] [o.f.g.Controller] - Добавление файла: qtposition_positionpoll.dll
[2024-12-12 18:24:08] [DEBUG] [o.f.g.Controller] - Добавление файла: qtposition_serialnmea.dll
[2024-12-12 18:24:08] [DEBUG] [o.f.g.Controller] - Добавление файла: qtposition_winrt.dll
[2024-12-12 18:24:08] [DEBUG] [o.f.g.Controller] - Добавление подкаталога: printsupport
[2024-12-12 18:24:08] [INFO] [o.f.g.Controller] - Анализ каталога: D:\BlueStacks X\printsupport
[2024-12-12 18:24:08] [DEBUG] [o.f.g.Controller] - Добавление файла: windowsprintersupport.dll
[2024-12-12 18:24:08] [DEBUG] [o.f.g.Controller] - Добавление файла: Qt5Core.dll
[2024-12-12 18:24:08] [DEBUG] [o.f.g.Controller] - Добавление файла: Qt5Gui.dll
[2024-12-12 18:24:08] [DEBUG] [o.f.g.Controller] - Добавление файла: Qt5Multimedia.dll
[2024-12-12 18:24:08] [DEBUG] [o.f.g.Controller] - Добавление файла: Qt5Network.dll
[2024-12-12 18:24:08] [DEBUG] [o.f.g.Controller] - Добавление файла: Qt5Positioning.dll
[2024-12-12 18:24:08] [DEBUG] [o.f.g.Controller] - Добавление файла: Qt5PrintSupport.dll
[2024-12-12 18:24:08] [DEBUG] [o.f.g.Controller] - Добавление файла: Qt5Qml.dll
[2024-12-12 18:24:08] [DEBUG] [o.f.g.Controller] - Добавление файла: Qt5QmlModels.dll
[2024-12-12 18:24:08] [DEBUG] [o.f.g.Controller] - Добавление файла: Qt5Quick.dll
[2024-12-12 18:24:08] [DEBUG] [o.f.g.Controller] - Добавление файла: Qt5QuickWidgets.dll
[2024-12-12 18:24:08] [DEBUG] [o.f.g.Controller] - Добавление файла: Qt5SerialPort.dll
[2024-12-12 18:24:08] [DEBUG] [o.f.g.Controller] - Добавление файла: Qt5Svg.dll
[2024-12-12 18:24:08] [DEBUG] [o.f.g.Controller] - Добавление файла: Qt5WebChannel.dll
[2024-12-12 18:24:08] [DEBUG] [o.f.g.Controller] - Добавление файла: Qt5WebEngineCore.dll
[2024-12-12 18:24:08] [DEBUG] [o.f.g.Controller] - Добавление файла: Qt5WebEngineWidgets.dll
[2024-12-12 18:24:08] [DEBUG] [o.f.g.Controller] - Добавление файла: Qt5Widgets.dll
[2024-12-12 18:24:08] [DEBUG] [o.f.g.Controller] - Добавление подкаталога: resources
[2024-12-12 18:24:08] [INFO] [o.f.g.Controller] - Анализ каталога: D:\BlueStacks X\resources
[2024-12-12 18:24:08] [DEBUG] [o.f.g.Controller] - Добавление файла: icudtl.dat
[2024-12-12 18:24:08] [DEBUG] [o.f.g.Controller] - Добавление файла: qtwebengine_devtools_resources.pak
[2024-12-12 18:24:08] [DEBUG] [o.f.g.Controller] - Добавление файла: qtwebengine_resources.pak
[2024-12-12 18:24:08] [DEBUG] [o.f.g.Controller] - Добавление файла: qtwebengine_resources_100p.pak
[2024-12-12 18:24:08] [DEBUG] [o.f.g.Controller] - Добавление файла: qtwebengine_resources_200p.pak
[2024-12-12 18:24:08] [DEBUG] [o.f.g.Controller] - Добавление подкаталога: styles
[2024-12-12 18:24:08] [INFO] [o.f.g.Controller] - Анализ каталога: D:\BlueStacks X\styles
[2024-12-12 18:24:08] [DEBUG] [o.f.g.Controller] - Добавление файла: qwindowsvistastyle.dll
[2024-12-12 18:24:08] [DEBUG] [o.f.g.Controller] - Добавление подкаталога: translations
[2024-12-12 18:24:08] [INFO] [o.f.g.Controller] - Анализ каталога: D:\BlueStacks X\translations
[2024-12-12 18:24:08] [DEBUG] [o.f.g.Controller] - Добавление подкаталога: qtwebengine_locales
[2024-12-12 18:24:08] [INFO] [o.f.g.Controller] - Анализ каталога: D:\BlueStacks X\translations\qtwebengine_locales
[2024-12-12 18:24:08] [DEBUG] [o.f.g.Controller] - Добавление файла: am.pak
[2024-12-12 18:24:08] [DEBUG] [o.f.g.Controller] - Добавление файла: ar.pak
[2024-12-12 18:24:08] [DEBUG] [o.f.g.Controller] - Добавление файла: bg.pak
[2024-12-12 18:24:08] [DEBUG] [o.f.g.Controller] - Добавление файла: bn.pak
[2024-12-12 18:24:08] [DEBUG] [o.f.g.Controller] - Добавление файла: ca.pak
[2024-12-12 18:24:08] [DEBUG] [o.f.g.Controller] - Добавление файла: cs.pak
[2024-12-12 18:24:08] [DEBUG] [o.f.g.Controller] - Добавление файла: da.pak
[2024-12-12 18:24:08] [DEBUG] [o.f.g.Controller] - Добавление файла: de.pak
[2024-12-12 18:24:08] [DEBUG] [o.f.g.Controller] - Добавление файла: el.pak
[2024-12-12 18:24:08] [DEBUG] [o.f.g.Controller] - Добавление файла: en-GB.pak
[2024-12-12 18:24:08] [DEBUG] [o.f.g.Controller] - Добавление файла: en-US.pak
[2024-12-12 18:24:08] [DEBUG] [o.f.g.Controller] - Добавление файла: es-419.pak
[2024-12-12 18:24:08] [DEBUG] [o.f.g.Controller] - Добавление файла: es.pak
[2024-12-12 18:24:08] [DEBUG] [o.f.g.Controller] - Добавление файла: et.pak
[2024-12-12 18:24:08] [DEBUG] [o.f.g.Controller] - Добавление файла: fa.pak
[2024-12-12 18:24:08] [DEBUG] [o.f.g.Controller] - Добавление файла: fi.pak
[2024-12-12 18:24:08] [DEBUG] [o.f.g.Controller] - Добавление файла: fil.pak
[2024-12-12 18:24:08] [DEBUG] [o.f.g.Controller] - Добавление файла: fr.pak
[2024-12-12 18:24:08] [DEBUG] [o.f.g.Controller] - Добавление файла: gu.pak
[2024-12-12 18:24:08] [DEBUG] [o.f.g.Controller] - Добавление файла: he.pak
[2024-12-12 18:24:08] [DEBUG] [o.f.g.Controller] - Добавление файла: hi.pak
[2024-12-12 18:24:08] [DEBUG] [o.f.g.Controller] - Добавление файла: hr.pak
[2024-12-12 18:24:08] [DEBUG] [o.f.g.Controller] - Добавление файла: hu.pak
[2024-12-12 18:24:08] [DEBUG] [o.f.g.Controller] - Добавление файла: id.pak
[2024-12-12 18:24:08] [DEBUG] [o.f.g.Controller] - Добавление файла: it.pak
[2024-12-12 18:24:08] [DEBUG] [o.f.g.Controller] - Добавление файла: ja.pak
[2024-12-12 18:24:08] [DEBUG] [o.f.g.Controller] - Добавление файла: kn.pak
[2024-12-12 18:24:08] [DEBUG] [o.f.g.Controller] - Добавление файла: ko.pak
[2024-12-12 18:24:08] [DEBUG] [o.f.g.Controller] - Добавление файла: lt.pak
[2024-12-12 18:24:08] [DEBUG] [o.f.g.Controller] - Добавление файла: lv.pak
[2024-12-12 18:24:08] [DEBUG] [o.f.g.Controller] - Добавление файла: ml.pak
[2024-12-12 18:24:08] [DEBUG] [o.f.g.Controller] - Добавление файла: mr.pak
[2024-12-12 18:24:08] [DEBUG] [o.f.g.Controller] - Добавление файла: ms.pak
[2024-12-12 18:24:08] [DEBUG] [o.f.g.Controller] - Добавление файла: nb.pak
[2024-12-12 18:24:08] [DEBUG] [o.f.g.Controller] - Добавление файла: nl.pak
[2024-12-12 18:24:08] [DEBUG] [o.f.g.Controller] - Добавление файла: pl.pak
[2024-12-12 18:24:08] [DEBUG] [o.f.g.Controller] - Добавление файла: pt-BR.pak
[2024-12-12 18:24:08] [DEBUG] [o.f.g.Controller] - Добавление файла: pt-PT.pak
[2024-12-12 18:24:08] [DEBUG] [o.f.g.Controller] - Добавление файла: ro.pak
[2024-12-12 18:24:08] [DEBUG] [o.f.g.Controller] - Добавление файла: ru.pak
[2024-12-12 18:24:08] [DEBUG] [o.f.g.Controller] - Добавление файла: sk.pak
[2024-12-12 18:24:08] [DEBUG] [o.f.g.Controller] - Добавление файла: sl.pak
[2024-12-12 18:24:08] [DEBUG] [o.f.g.Controller] - Добавление файла: sr.pak
[2024-12-12 18:24:08] [DEBUG] [o.f.g.Controller] - Добавление файла: sv.pak
[2024-12-12 18:24:08] [DEBUG] [o.f.g.Controller] - Добавление файла: sw.pak
[2024-12-12 18:24:08] [DEBUG] [o.f.g.Controller] - Добавление файла: ta.pak
[2024-12-12 18:24:08] [DEBUG] [o.f.g.Controller] - Добавление файла: te.pak
[2024-12-12 18:24:08] [DEBUG] [o.f.g.Controller] - Добавление файла: th.pak
[2024-12-12 18:24:08] [DEBUG] [o.f.g.Controller] - Добавление файла: tr.pak
[2024-12-12 18:24:08] [DEBUG] [o.f.g.Controller] - Добавление файла: uk.pak
[2024-12-12 18:24:08] [DEBUG] [o.f.g.Controller] - Добавление файла: vi.pak
[2024-12-12 18:24:08] [DEBUG] [o.f.g.Controller] - Добавление файла: zh-CN.pak
[2024-12-12 18:24:08] [DEBUG] [o.f.g.Controller] - Добавление файла: zh-TW.pak
[2024-12-12 18:24:08] [DEBUG] [o.f.g.Controller] - Добавление файла: qt_ar.qm
[2024-12-12 18:24:08] [DEBUG] [o.f.g.Controller] - Добавление файла: qt_bg.qm
[2024-12-12 18:24:08] [DEBUG] [o.f.g.Controller] - Добавление файла: qt_ca.qm
[2024-12-12 18:24:08] [DEBUG] [o.f.g.Controller] - Добавление файла: qt_cs.qm
[2024-12-12 18:24:08] [DEBUG] [o.f.g.Controller] - Добавление файла: qt_da.qm
[2024-12-12 18:24:08] [DEBUG] [o.f.g.Controller] - Добавление файла: qt_de.qm
[2024-12-12 18:24:08] [DEBUG] [o.f.g.Controller] - Добавление файла: qt_en.qm
[2024-12-12 18:24:08] [DEBUG] [o.f.g.Controller] - Добавление файла: qt_es.qm
[2024-12-12 18:24:08] [DEBUG] [o.f.g.Controller] - Добавление файла: qt_fa.qm
[2024-12-12 18:24:08] [DEBUG] [o.f.g.Controller] - Добавление файла: qt_fi.qm
[2024-12-12 18:24:08] [DEBUG] [o.f.g.Controller] - Добавление файла: qt_fr.qm
[2024-12-12 18:24:08] [DEBUG] [o.f.g.Controller] - Добавление файла: qt_gd.qm
[2024-12-12 18:24:08] [DEBUG] [o.f.g.Controller] - Добавление файла: qt_he.qm
[2024-12-12 18:24:08] [DEBUG] [o.f.g.Controller] - Добавление файла: qt_hr.qm
[2024-12-12 18:24:08] [DEBUG] [o.f.g.Controller] - Добавление файла: qt_hu.qm
[2024-12-12 18:24:08] [DEBUG] [o.f.g.Controller] - Добавление файла: qt_it.qm
[2024-12-12 18:24:08] [DEBUG] [o.f.g.Controller] - Добавление файла: qt_ja.qm
[2024-12-12 18:24:08] [DEBUG] [o.f.g.Controller] - Добавление файла: qt_ko.qm
[2024-12-12 18:24:08] [DEBUG] [o.f.g.Controller] - Добавление файла: qt_lv.qm
[2024-12-12 18:24:08] [DEBUG] [o.f.g.Controller] - Добавление файла: qt_nl.qm
[2024-12-12 18:24:08] [DEBUG] [o.f.g.Controller] - Добавление файла: qt_nn.qm
[2024-12-12 18:24:08] [DEBUG] [o.f.g.Controller] - Добавление файла: qt_pl.qm
[2024-12-12 18:24:08] [DEBUG] [o.f.g.Controller] - Добавление файла: qt_pt_BR.qm
[2024-12-12 18:24:08] [DEBUG] [o.f.g.Controller] - Добавление файла: qt_ru.qm
[2024-12-12 18:24:08] [DEBUG] [o.f.g.Controller] - Добавление файла: qt_sk.qm
[2024-12-12 18:24:08] [DEBUG] [o.f.g.Controller] - Добавление файла: qt_tr.qm
[2024-12-12 18:24:08] [DEBUG] [o.f.g.Controller] - Добавление файла: qt_uk.qm
[2024-12-12 18:24:08] [DEBUG] [o.f.g.Controller] - Добавление файла: qt_zh_CN.qm
[2024-12-12 18:24:08] [DEBUG] [o.f.g.Controller] - Добавление файла: qt_zh_TW.qm
[2024-12-12 18:24:08] [DEBUG] [o.f.g.Controller] - Добавление файла: ucrtbase.dll
[2024-12-12 18:24:08] [DEBUG] [o.f.g.Controller] - Добавление файла: UIControl.dll
[2024-12-12 18:24:08] [DEBUG] [o.f.g.Controller] - Добавление файла: vccorlib140.dll
[2024-12-12 18:24:08] [DEBUG] [o.f.g.Controller] - Добавление файла: vcruntime140.dll
[2024-12-12 18:24:08] [DEBUG] [o.f.g.Controller] - Добавление подкаталога: www
[2024-12-12 18:24:08] [INFO] [o.f.g.Controller] - Анализ каталога: D:\BlueStacks X\www
[2024-12-12 18:24:08] [DEBUG] [o.f.g.Controller] - Добавление подкаталога: css
[2024-12-12 18:24:08] [INFO] [o.f.g.Controller] - Анализ каталога: D:\BlueStacks X\www\css
[2024-12-12 18:24:08] [DEBUG] [o.f.g.Controller] - Добавление файла: index.css
[2024-12-12 18:24:08] [DEBUG] [o.f.g.Controller] - Добавление подкаталога: images
[2024-12-12 18:24:08] [INFO] [o.f.g.Controller] - Анализ каталога: D:\BlueStacks X\www\images
[2024-12-12 18:24:08] [DEBUG] [o.f.g.Controller] - Добавление файла: msi5-noNetwork.svg
[2024-12-12 18:24:08] [DEBUG] [o.f.g.Controller] - Добавление файла: nxt-noNetwork.svg
[2024-12-12 18:24:08] [DEBUG] [o.f.g.Controller] - Добавление файла: index.html
[2024-12-12 18:24:08] [DEBUG] [o.f.g.Controller] - Добавление подкаталога: js
[2024-12-12 18:24:08] [INFO] [o.f.g.Controller] - Анализ каталога: D:\BlueStacks X\www\js
[2024-12-12 18:24:08] [DEBUG] [o.f.g.Controller] - Добавление файла: flexible.js
[2024-12-12 18:24:08] [DEBUG] [o.f.g.Controller] - Добавление файла: index.js
[2024-12-12 18:24:08] [DEBUG] [o.f.g.Controller] - Добавление файла: index_cef.js
[2024-12-12 18:24:08] [DEBUG] [o.f.g.Controller] - Добавление файла: jquery.min.js
[2024-12-12 18:24:08] [DEBUG] [o.f.g.Controller] - Добавление файла: language.js
[2024-12-12 18:24:08] [DEBUG] [o.f.g.Controller] - Добавление файла: localize.js
[2024-12-12 18:24:08] [DEBUG] [o.f.g.Controller] - Добавление файла: qwebchannel.js
[2024-12-12 18:24:08] [DEBUG] [o.f.g.Controller] - Добавление файла: utils.js
[2024-12-12 18:24:08] [DEBUG] [o.f.g.Controller] - Добавление подкаталога: localization
[2024-12-12 18:24:08] [INFO] [o.f.g.Controller] - Анализ каталога: D:\BlueStacks X\www\localization
[2024-12-12 18:24:08] [DEBUG] [o.f.g.Controller] - Добавление файла: index.js
[2024-12-12 18:24:08] [DEBUG] [o.f.g.Controller] - Добавление файла: offline.html
[2024-12-12 18:24:08] [DEBUG] [o.f.g.Controller] - Добавление подкаталога: script
[2024-12-12 18:24:08] [INFO] [o.f.g.Controller] - Анализ каталога: D:\BlueStacks X\www\script
[2024-12-12 18:24:08] [DEBUG] [o.f.g.Controller] - Добавление файла: index.js
[2024-12-12 18:24:08] [DEBUG] [o.f.g.Controller] - Добавление файла: lang.json
[2024-12-12 18:24:08] [DEBUG] [o.f.g.Controller] - Добавление файла: xdata
[2024-12-12 18:24:08] [DEBUG] [o.f.g.Controller] - Добавление подкаталога: xplugins
[2024-12-12 18:24:08] [INFO] [o.f.g.Controller] - Анализ каталога: D:\BlueStacks X\xplugins
[2024-12-12 18:24:08] [DEBUG] [o.f.g.Controller] - Добавление файла: AccountPlugin.dll
[2024-12-12 18:24:08] [DEBUG] [o.f.g.Controller] - Добавление файла: BrowserPlugin.dll
[2024-12-12 18:24:08] [DEBUG] [o.f.g.Controller] - Добавление файла: BrowserWeb3Plugin.dll
[2024-12-12 18:24:08] [DEBUG] [o.f.g.Controller] - Добавление файла: BuriedpointPlugin.dll
[2024-12-12 18:24:08] [DEBUG] [o.f.g.Controller] - Добавление файла: CommandLinePlugin.dll
[2024-12-12 18:24:08] [DEBUG] [o.f.g.Controller] - Добавление файла: HttpDaoMgrPlugin.dll
[2024-12-12 18:24:08] [DEBUG] [o.f.g.Controller] - Добавление файла: MainWindowPlugin.dll
[2024-12-12 18:24:08] [DEBUG] [o.f.g.Controller] - Добавление файла: MyGamePlugin.dll
[2024-12-12 18:24:08] [DEBUG] [o.f.g.Controller] - Добавление файла: PcGamesPlugin.dll
[2024-12-12 18:24:08] [DEBUG] [o.f.g.Controller] - Добавление файла: SearchPlugin.dll
[2024-12-12 18:24:08] [DEBUG] [o.f.g.Controller] - Добавление файла: SettingPlugin.dll
[2024-12-12 18:24:08] [DEBUG] [o.f.g.Controller] - Добавление файла: SidebarPlugin.dll
[2024-12-12 18:24:08] [DEBUG] [o.f.g.Controller] - Добавление файла: SimulatorMgrPlugin.dll
[2024-12-12 18:24:08] [DEBUG] [o.f.g.Controller] - Добавление файла: StrategyPlugin.dll
[2024-12-12 18:25:14] [INFO] [o.f.g.Controller] - Выбран каталог: D:\DeskstopTemp
[2024-12-12 18:40:12] [INFO] [o.f.g.Controller] - Выбран каталог: D:\300РусскихИгр
[2024-12-12 18:40:12] [INFO] [o.f.g.Controller] - Анализ каталога: D:\300РусскихИгр
[2024-12-12 18:40:12] [DEBUG] [o.f.g.Controller] - Добавление подкаталога: Beerwars
[2024-12-12 18:40:12] [INFO] [o.f.g.Controller] - Анализ каталога: D:\300РусскихИгр\Beerwars
[2024-12-12 18:40:12] [DEBUG] [o.f.g.Controller] - Добавление файла: BEER95S.EXE
[2024-12-12 18:40:12] [DEBUG] [o.f.g.Controller] - Добавление файла: BEER95S.HLP
[2024-12-12 18:40:12] [DEBUG] [o.f.g.Controller] - Добавление файла: FILE_ID.DIZ
[2024-12-12 18:40:12] [DEBUG] [o.f.g.Controller] - Добавление файла: README.TXT
[2024-12-12 18:40:12] [DEBUG] [o.f.g.Controller] - Добавление файла: SOUND01.WAV
[2024-12-12 18:40:12] [DEBUG] [o.f.g.Controller] - Добавление файла: SOUND02.WAV
[2024-12-12 18:40:12] [DEBUG] [o.f.g.Controller] - Добавление файла: SOUND03.WAV
[2024-12-12 18:40:12] [DEBUG] [o.f.g.Controller] - Добавление файла: SOUND04.WAV
[2024-12-12 18:40:12] [DEBUG] [o.f.g.Controller] - Добавление файла: SOUND05.WAV
[2024-12-12 18:40:12] [DEBUG] [o.f.g.Controller] - Добавление файла: SOUND06.WAV
[2024-12-12 18:40:12] [DEBUG] [o.f.g.Controller] - Добавление файла: SOUND07.WAV
[2024-12-12 18:40:12] [DEBUG] [o.f.g.Controller] - Добавление файла: SOUND08.WAV
[2024-12-12 18:40:12] [DEBUG] [o.f.g.Controller] - Добавление файла: SOUND09.WAV
[2024-12-12 18:40:12] [DEBUG] [o.f.g.Controller] - Добавление файла: SOUND10.WAV
[2024-12-12 18:40:12] [DEBUG] [o.f.g.Controller] - Добавление файла: SOUND11.WAV
[2024-12-12 18:40:12] [DEBUG] [o.f.g.Controller] - Добавление подкаталога: Crosswords
[2024-12-12 18:40:12] [INFO] [o.f.g.Controller] - Анализ каталога: D:\300РусскихИгр\Crosswords
[2024-12-12 18:40:12] [DEBUG] [o.f.g.Controller] - Добавление файла: diana.exe
[2024-12-12 18:40:12] [DEBUG] [o.f.g.Controller] - Добавление файла: res.dat
[2024-12-12 18:40:12] [DEBUG] [o.f.g.Controller] - Добавление файла: super.cro
[2024-12-12 18:40:12] [DEBUG] [o.f.g.Controller] - Добавление файла: Uninstal.exe
[2024-12-12 18:40:12] [DEBUG] [o.f.g.Controller] - Добавление файла: uninstal.ini
[2024-12-12 18:40:12] [DEBUG] [o.f.g.Controller] - Добавление подкаталога: FastIqTest
[2024-12-12 18:40:12] [INFO] [o.f.g.Controller] - Анализ каталога: D:\300РусскихИгр\FastIqTest
[2024-12-12 18:40:12] [DEBUG] [o.f.g.Controller] - Добавление файла: FASTIQ.CNT
[2024-12-12 18:40:12] [DEBUG] [o.f.g.Controller] - Добавление файла: FASTIQ.EXE
[2024-12-12 18:40:12] [DEBUG] [o.f.g.Controller] - Добавление файла: FASTIQ.HLP
[2024-12-12 18:40:12] [DEBUG] [o.f.g.Controller] - Добавление файла: FILE_ID.DIZ
[2024-12-12 18:40:12] [DEBUG] [o.f.g.Controller] - Добавление подкаталога: GTA1969
[2024-12-12 18:40:12] [INFO] [o.f.g.Controller] - Анализ каталога: D:\300РусскихИгр\GTA1969
[2024-12-12 18:40:12] [DEBUG] [o.f.g.Controller] - Добавление файла: dirinfo.txt
[2024-12-12 18:40:12] [DEBUG] [o.f.g.Controller] - Добавление файла: FILE_ID.DIZ
[2024-12-12 18:40:12] [DEBUG] [o.f.g.Controller] - Добавление подкаталога: gtadata
[2024-12-12 18:40:12] [INFO] [o.f.g.Controller] - Анализ каталога: D:\300РусскихИгр\GTA1969\gtadata
[2024-12-12 18:40:12] [DEBUG] [o.f.g.Controller] - Добавление файла: replay.rep
[2024-12-12 18:40:12] [DEBUG] [o.f.g.Controller] - Добавление подкаталога: uk
[2024-12-12 18:40:12] [INFO] [o.f.g.Controller] - Анализ каталога: D:\300РусскихИгр\GTA1969\gtadata\uk
[2024-12-12 18:40:12] [DEBUG] [o.f.g.Controller] - Добавление файла: 4.rep
[2024-12-12 18:40:12] [DEBUG] [o.f.g.Controller] - Добавление подкаталога: audio
[2024-12-12 18:40:12] [INFO] [o.f.g.Controller] - Анализ каталога: D:\300РусскихИгр\GTA1969\gtadata\uk\audio
[2024-12-12 18:40:12] [DEBUG] [o.f.g.Controller] - Добавление файла: 0.pk
[2024-12-12 18:40:12] [DEBUG] [o.f.g.Controller] - Добавление файла: 0.wav
[2024-12-12 18:40:12] [DEBUG] [o.f.g.Controller] - Добавление файла: 1.pk
[2024-12-12 18:40:12] [DEBUG] [o.f.g.Controller] - Добавление файла: 1.wav
[2024-12-12 18:40:12] [DEBUG] [o.f.g.Controller] - Добавление файла: 2.wav
[2024-12-12 18:40:12] [DEBUG] [o.f.g.Controller] - Добавление файла: 3.wav
[2024-12-12 18:40:12] [DEBUG] [o.f.g.Controller] - Добавление файла: Level000.raw
[2024-12-12 18:40:12] [DEBUG] [o.f.g.Controller] - Добавление файла: Level000.sdt
[2024-12-12 18:40:12] [DEBUG] [o.f.g.Controller] - Добавление файла: Level001.raw
[2024-12-12 18:40:12] [DEBUG] [o.f.g.Controller] - Добавление файла: Level001.sdt
[2024-12-12 18:40:12] [DEBUG] [o.f.g.Controller] - Добавление файла: Level002.raw
[2024-12-12 18:40:12] [DEBUG] [o.f.g.Controller] - Добавление файла: Level002.sdt
[2024-12-12 18:40:12] [DEBUG] [o.f.g.Controller] - Добавление файла: Level003.raw
[2024-12-12 18:40:12] [DEBUG] [o.f.g.Controller] - Добавление файла: Level003.sdt
[2024-12-12 18:40:12] [DEBUG] [o.f.g.Controller] - Добавление файла: Misbrief.raw
[2024-12-12 18:40:12] [DEBUG] [o.f.g.Controller] - Добавление файла: Misbrief.sdt
[2024-12-12 18:40:12] [DEBUG] [o.f.g.Controller] - Добавление файла: Vocalcom.raw
[2024-12-12 18:40:12] [DEBUG] [o.f.g.Controller] - Добавление файла: Vocalcom.sdt
[2024-12-12 18:40:12] [DEBUG] [o.f.g.Controller] - Добавление файла: big1.fon
[2024-12-12 18:40:12] [DEBUG] [o.f.g.Controller] - Добавление файла: big2.fon
[2024-12-12 18:40:12] [DEBUG] [o.f.g.Controller] - Добавление файла: carname1.fon
[2024-12-12 18:40:12] [DEBUG] [o.f.g.Controller] - Добавление файла: Carname2.fon
[2024-12-12 18:40:12] [DEBUG] [o.f.g.Controller] - Добавление файла: Cut0.act
[2024-12-12 18:40:12] [DEBUG] [o.f.g.Controller] - Добавление файла: cut0.rat
[2024-12-12 18:40:12] [DEBUG] [o.f.g.Controller] - Добавление файла: Cut0.raw
[2024-12-12 18:40:12] [DEBUG] [o.f.g.Controller] - Добавление файла: Cut00.fon
[2024-12-12 18:40:12] [DEBUG] [o.f.g.Controller] - Добавление файла: Cut00t.fon
[2024-12-12 18:40:12] [DEBUG] [o.f.g.Controller] - Добавление файла: Cut01.fon
[2024-12-12 18:40:12] [DEBUG] [o.f.g.Controller] - Добавление файла: Cut01t.fon
[2024-12-12 18:40:12] [DEBUG] [o.f.g.Controller] - Добавление файла: Cut1.act
[2024-12-12 18:40:12] [DEBUG] [o.f.g.Controller] - Добавление файла: cut1.rat
[2024-12-12 18:40:12] [DEBUG] [o.f.g.Controller] - Добавление файла: Cut1.raw
[2024-12-12 18:40:12] [DEBUG] [o.f.g.Controller] - Добавление файла: Cut10.fon
[2024-12-12 18:40:12] [DEBUG] [o.f.g.Controller] - Добавление файла: Cut10t.fon
[2024-12-12 18:40:12] [DEBUG] [o.f.g.Controller] - Добавление файла: Cut11.fon
[2024-12-12 18:40:12] [DEBUG] [o.f.g.Controller] - Добавление файла: Cut11t.fon
[2024-12-12 18:40:12] [DEBUG] [o.f.g.Controller] - Добавление файла: Cut12.fon
[2024-12-12 18:40:12] [DEBUG] [o.f.g.Controller] - Добавление файла: Cut12t.fon
[2024-12-12 18:40:12] [DEBUG] [o.f.g.Controller] - Добавление файла: Cut13.fon
[2024-12-12 18:40:12] [DEBUG] [o.f.g.Controller] - Добавление файла: Cut13t.fon
[2024-12-12 18:40:12] [DEBUG] [o.f.g.Controller] - Добавление файла: Cut2.act
[2024-12-12 18:40:12] [DEBUG] [o.f.g.Controller] - Добавление файла: cut2.rat
[2024-12-12 18:40:12] [DEBUG] [o.f.g.Controller] - Добавление файла: Cut2.raw
[2024-12-12 18:40:12] [DEBUG] [o.f.g.Controller] - Добавление файла: Cut20.fon
[2024-12-12 18:40:12] [DEBUG] [o.f.g.Controller] - Добавление файла: Cut20t.fon
[2024-12-12 18:40:12] [DEBUG] [o.f.g.Controller] - Добавление файла: Cut21.fon
[2024-12-12 18:40:12] [DEBUG] [o.f.g.Controller] - Добавление файла: Cut21t.fon
[2024-12-12 18:40:12] [DEBUG] [o.f.g.Controller] - Добавление файла: Cut22.fon
[2024-12-12 18:40:12] [DEBUG] [o.f.g.Controller] - Добавление файла: Cut22t.fon
[2024-12-12 18:40:12] [DEBUG] [o.f.g.Controller] - Добавление файла: Cut3.act
[2024-12-12 18:40:12] [DEBUG] [o.f.g.Controller] - Добавление файла: cut3.rat
[2024-12-12 18:40:12] [DEBUG] [o.f.g.Controller] - Добавление файла: Cut3.raw
[2024-12-12 18:40:12] [DEBUG] [o.f.g.Controller] - Добавление файла: Cut30.fon
[2024-12-12 18:40:12] [DEBUG] [o.f.g.Controller] - Добавление файла: Cut30t.fon
[2024-12-12 18:40:12] [DEBUG] [o.f.g.Controller] - Добавление файла: Cut31.fon
[2024-12-12 18:40:12] [DEBUG] [o.f.g.Controller] - Добавление файла: Cut31t.fon
[2024-12-12 18:40:12] [DEBUG] [o.f.g.Controller] - Добавление файла: Cut32.fon
[2024-12-12 18:40:12] [DEBUG] [o.f.g.Controller] - Добавление файла: Cut32t.fon
[2024-12-12 18:40:12] [DEBUG] [o.f.g.Controller] - Добавление файла: Cut4.act
[2024-12-12 18:40:12] [DEBUG] [o.f.g.Controller] - Добавление файла: Cut4.raw
[2024-12-12 18:40:12] [DEBUG] [o.f.g.Controller] - Добавление файла: Cut40.fon
[2024-12-12 18:40:12] [DEBUG] [o.f.g.Controller] - Добавление файла: Cut40t.fon
[2024-12-12 18:40:12] [DEBUG] [o.f.g.Controller] - Добавление файла: Cut41.fon
[2024-12-12 18:40:12] [DEBUG] [o.f.g.Controller] - Добавление файла: Cut41t.fon
[2024-12-12 18:40:12] [DEBUG] [o.f.g.Controller] - Добавление файла: Cut5.act
[2024-12-12 18:40:12] [DEBUG] [o.f.g.Controller] - Добавление файла: Cut5.raw
[2024-12-12 18:40:12] [DEBUG] [o.f.g.Controller] - Добавление файла: Cut50.fon
[2024-12-12 18:40:12] [DEBUG] [o.f.g.Controller] - Добавление файла: Cut50t.fon
[2024-12-12 18:40:12] [DEBUG] [o.f.g.Controller] - Добавление файла: Cut51.fon
[2024-12-12 18:40:12] [DEBUG] [o.f.g.Controller] - Добавление файла: Cut51t.fon
[2024-12-12 18:40:12] [DEBUG] [o.f.g.Controller] - Добавление файла: Cut52.fon
[2024-12-12 18:40:12] [DEBUG] [o.f.g.Controller] - Добавление файла: Cut52t.fon
[2024-12-12 18:40:12] [DEBUG] [o.f.g.Controller] - Добавление файла: Cut53.fon
[2024-12-12 18:40:12] [DEBUG] [o.f.g.Controller] - Добавление файла: Cut53t.fon
[2024-12-12 18:40:12] [DEBUG] [o.f.g.Controller] - Добавление файла: CutText.fon
[2024-12-12 18:40:12] [DEBUG] [o.f.g.Controller] - Добавление файла: cuttext.tga
[2024-12-12 18:40:12] [DEBUG] [o.f.g.Controller] - Добавление файла: cuttext8.fon
[2024-12-12 18:40:12] [DEBUG] [o.f.g.Controller] - Добавление файла: Cuttexta.fon
[2024-12-12 18:40:12] [DEBUG] [o.f.g.Controller] - Добавление файла: Cuttextb.fon
[2024-12-12 18:40:12] [DEBUG] [o.f.g.Controller] - Добавление файла: Cuttextc.fon
[2024-12-12 18:40:12] [DEBUG] [o.f.g.Controller] - Добавление файла: enguk.fxt
[2024-12-12 18:40:12] [DEBUG] [o.f.g.Controller] - Добавление файла: enguk.txt
[2024-12-12 18:40:12] [DEBUG] [o.f.g.Controller] - Добавление файла: Expscor1.fon
[2024-12-12 18:40:12] [DEBUG] [o.f.g.Controller] - Добавление файла: Expscor2.fon
[2024-12-12 18:40:12] [DEBUG] [o.f.g.Controller] - Добавление файла: Expscor8.fon
[2024-12-12 18:40:12] [DEBUG] [o.f.g.Controller] - Добавление файла: F8_city1.fon
[2024-12-12 18:40:12] [DEBUG] [o.f.g.Controller] - Добавление файла: F8_city2.fon
[2024-12-12 18:40:12] [DEBUG] [o.f.g.Controller] - Добавление файла: F8_city3.fon
[2024-12-12 18:40:12] [DEBUG] [o.f.g.Controller] - Добавление файла: F8_city4.fon
[2024-12-12 18:40:12] [DEBUG] [o.f.g.Controller] - Добавление файла: F8_key.fon
[2024-12-12 18:40:12] [DEBUG] [o.f.g.Controller] - Добавление файла: F8_mhead.fon
[2024-12-12 18:40:12] [DEBUG] [o.f.g.Controller] - Добавление файла: F8_mmiss.fon
[2024-12-12 18:40:12] [DEBUG] [o.f.g.Controller] - Добавление файла: F8_mtext.fon
[2024-12-12 18:40:12] [DEBUG] [o.f.g.Controller] - Добавление файла: freuk.fxt
[2024-12-12 18:40:12] [DEBUG] [o.f.g.Controller] - Добавление файла: F_bmg.rat
[2024-12-12 18:40:12] [DEBUG] [o.f.g.Controller] - Добавление файла: F_bmg.raw
[2024-12-12 18:40:12] [DEBUG] [o.f.g.Controller] - Добавление файла: F_city1.fon
[2024-12-12 18:40:12] [DEBUG] [o.f.g.Controller] - Добавление файла: F_city2.fon
[2024-12-12 18:40:12] [DEBUG] [o.f.g.Controller] - Добавление файла: F_city3.fon
[2024-12-12 18:40:12] [DEBUG] [o.f.g.Controller] - Добавление файла: F_city4.fon
[2024-12-12 18:40:12] [DEBUG] [o.f.g.Controller] - Добавление файла: F_dma.rat
[2024-12-12 18:40:12] [DEBUG] [o.f.g.Controller] - Добавление файла: F_dma.raw
[2024-12-12 18:40:12] [DEBUG] [o.f.g.Controller] - Добавление файла: F_key.fon
[2024-12-12 18:40:12] [DEBUG] [o.f.g.Controller] - Добавление файла: F_logo0.raw
[2024-12-12 18:40:12] [DEBUG] [o.f.g.Controller] - Добавление файла: F_logo1.raw
[2024-12-12 18:40:12] [DEBUG] [o.f.g.Controller] - Добавление файла: F_logo2.raw
[2024-12-12 18:40:12] [DEBUG] [o.f.g.Controller] - Добавление файла: F_logo3.raw
[2024-12-12 18:40:12] [DEBUG] [o.f.g.Controller] - Добавление файла: F_logo4.raw
[2024-12-12 18:40:12] [DEBUG] [o.f.g.Controller] - Добавление файла: F_logo5.raw
[2024-12-12 18:40:12] [DEBUG] [o.f.g.Controller] - Добавление файла: F_logo6.raw
[2024-12-12 18:40:12] [DEBUG] [o.f.g.Controller] - Добавление файла: F_logo7.raw
[2024-12-12 18:40:12] [DEBUG] [o.f.g.Controller] - Добавление файла: F_lower0.raw
[2024-12-12 18:40:12] [DEBUG] [o.f.g.Controller] - Добавление файла: F_lower1.raw
[2024-12-12 18:40:12] [DEBUG] [o.f.g.Controller] - Добавление файла: F_lower2.raw
[2024-12-12 18:40:12] [DEBUG] [o.f.g.Controller] - Добавление файла: F_lower3.raw
[2024-12-12 18:40:12] [DEBUG] [o.f.g.Controller] - Добавление файла: F_lower4.raw
[2024-12-12 18:40:12] [DEBUG] [o.f.g.Controller] - Добавление файла: F_mhead.fon
[2024-12-12 18:40:12] [DEBUG] [o.f.g.Controller] - Добавление файла: F_MHEAD.fot
[2024-12-12 18:40:12] [DEBUG] [o.f.g.Controller] - Добавление файла: F_mmiss.fon
[2024-12-12 18:40:12] [DEBUG] [o.f.g.Controller] - Добавление файла: F_mtext.fon
[2024-12-12 18:40:12] [DEBUG] [o.f.g.Controller] - Добавление файла: F_pal.raw
[2024-12-12 18:40:12] [DEBUG] [o.f.g.Controller] - Добавление файла: F_play1.rat
[2024-12-12 18:40:12] [DEBUG] [o.f.g.Controller] - Добавление файла: F_play1.raw
[2024-12-12 18:40:12] [DEBUG] [o.f.g.Controller] - Добавление файла: f_play1a.raw
[2024-12-12 18:40:12] [DEBUG] [o.f.g.Controller] - Добавление файла: F_play2.rat
[2024-12-12 18:40:12] [DEBUG] [o.f.g.Controller] - Добавление файла: F_play2.raw
[2024-12-12 18:40:12] [DEBUG] [o.f.g.Controller] - Добавление файла: F_play3.rat
[2024-12-12 18:40:12] [DEBUG] [o.f.g.Controller] - Добавление файла: F_play3.raw
[2024-12-12 18:40:12] [DEBUG] [o.f.g.Controller] - Добавление файла: F_play4.rat
[2024-12-12 18:40:12] [DEBUG] [o.f.g.Controller] - Добавление файла: F_play4.raw
[2024-12-12 18:40:12] [DEBUG] [o.f.g.Controller] - Добавление файла: F_play5.rat
[2024-12-12 18:40:12] [DEBUG] [o.f.g.Controller] - Добавление файла: F_play5.raw
[2024-12-12 18:40:12] [DEBUG] [o.f.g.Controller] - Добавление файла: F_play6.rat
[2024-12-12 18:40:12] [DEBUG] [o.f.g.Controller] - Добавление файла: F_play6.raw
[2024-12-12 18:40:12] [DEBUG] [o.f.g.Controller] - Добавление файла: F_play7.rat
[2024-12-12 18:40:12] [DEBUG] [o.f.g.Controller] - Добавление файла: F_play7.raw
[2024-12-12 18:40:12] [DEBUG] [o.f.g.Controller] - Добавление файла: F_play8.rat
[2024-12-12 18:40:12] [DEBUG] [o.f.g.Controller] - Добавление файла: F_play8.raw
[2024-12-12 18:40:12] [DEBUG] [o.f.g.Controller] - Добавление файла: F_playn.rat
[2024-12-12 18:40:12] [DEBUG] [o.f.g.Controller] - Добавление файла: F_playn.raw
[2024-12-12 18:40:12] [DEBUG] [o.f.g.Controller] - Добавление файла: F_upper.rat
[2024-12-12 18:40:12] [DEBUG] [o.f.g.Controller] - Добавление файла: F_upper.raw
[2024-12-12 18:40:12] [DEBUG] [o.f.g.Controller] - Добавление файла: geruk.fxt
[2024-12-12 18:40:12] [DEBUG] [o.f.g.Controller] - Добавление файла: itauk.fxt
[2024-12-12 18:40:12] [DEBUG] [o.f.g.Controller] - Добавление файла: mainpal.act
[2024-12-12 18:40:12] [DEBUG] [o.f.g.Controller] - Добавление файла: Missmul1.fon
[2024-12-12 18:40:12] [DEBUG] [o.f.g.Controller] - Добавление файла: Missmul2.fon
[2024-12-12 18:40:12] [DEBUG] [o.f.g.Controller] - Добавление файла: Missmul8.fon
[2024-12-12 18:40:12] [DEBUG] [o.f.g.Controller] - Добавление файла: missuk.ini
[2024-12-12 18:40:12] [DEBUG] [o.f.g.Controller] - Добавление файла: Movie.smk
[2024-12-12 18:40:12] [DEBUG] [o.f.g.Controller] - Добавление файла: pager1.fon
[2024-12-12 18:40:12] [DEBUG] [o.f.g.Controller] - Добавление файла: pager2.fon
[2024-12-12 18:40:12] [DEBUG] [o.f.g.Controller] - Добавление файла: Player_a.dat
[2024-12-12 18:40:12] [DEBUG] [o.f.g.Controller] - Добавление файла: Score1.fon
[2024-12-12 18:40:12] [DEBUG] [o.f.g.Controller] - Добавление файла: Score2.fon
[2024-12-12 18:40:12] [DEBUG] [o.f.g.Controller] - Добавление файла: Score8.fon
[2024-12-12 18:40:12] [DEBUG] [o.f.g.Controller] - Добавление файла: speuk.fxt
[2024-12-12 18:40:12] [DEBUG] [o.f.g.Controller] - Добавление файла: street1.fon
[2024-12-12 18:40:12] [DEBUG] [o.f.g.Controller] - Добавление файла: street2.fon
[2024-12-12 18:40:12] [DEBUG] [o.f.g.Controller] - Добавление файла: Style001.g24
[2024-12-12 18:40:12] [DEBUG] [o.f.g.Controller] - Добавление файла: Style001.gry
[2024-12-12 18:40:12] [DEBUG] [o.f.g.Controller] - Добавление файла: sub1.fon
[2024-12-12 18:40:12] [DEBUG] [o.f.g.Controller] - Добавление файла: sub2.fon
[2024-12-12 18:40:12] [DEBUG] [o.f.g.Controller] - Добавление файла: TEMP.FON
[2024-12-12 18:40:12] [DEBUG] [o.f.g.Controller] - Добавление файла: uk.cmp
[2024-12-12 18:40:12] [DEBUG] [o.f.g.Controller] - Добавление файла: Uk.map
[2024-12-12 18:40:12] [DEBUG] [o.f.g.Controller] - Добавление файла: gtal.ico
[2024-12-12 18:40:12] [DEBUG] [o.f.g.Controller] - Добавление подкаталога: gtawin
[2024-12-12 18:40:12] [INFO] [o.f.g.Controller] - Анализ каталога: D:\300РусскихИгр\GTA1969\gtawin
[2024-12-12 18:40:12] [DEBUG] [o.f.g.Controller] - Добавление файла: Gta_uk.exe
[2024-12-12 18:40:12] [DEBUG] [o.f.g.Controller] - Добавление файла: Mss32.dll
[2024-12-12 18:40:12] [DEBUG] [o.f.g.Controller] - Добавление файла: Pmpro16.dll
[2024-12-12 18:40:12] [DEBUG] [o.f.g.Controller] - Добавление файла: Pmpro32.dll
[2024-12-12 18:40:12] [DEBUG] [o.f.g.Controller] - Добавление файла: radioshit
[2024-12-12 18:40:12] [DEBUG] [o.f.g.Controller] - Добавление файла: Settings.exe
[2024-12-12 18:40:12] [DEBUG] [o.f.g.Controller] - Добавление файла: Smackw32.dll
[2024-12-12 18:40:12] [DEBUG] [o.f.g.Controller] - Добавление файла: Wdir16.dll
[2024-12-12 18:40:12] [DEBUG] [o.f.g.Controller] - Добавление файла: Wdir32.dll
[2024-12-12 18:40:12] [DEBUG] [o.f.g.Controller] - Добавление файла: irunin.dat
[2024-12-12 18:40:12] [DEBUG] [o.f.g.Controller] - Добавление файла: irunin.ini
[2024-12-12 18:40:12] [DEBUG] [o.f.g.Controller] - Добавление файла: irunin.lag
[2024-12-12 18:40:12] [DEBUG] [o.f.g.Controller] - Добавление файла: Readme.txt
[2024-12-12 18:40:12] [DEBUG] [o.f.g.Controller] - Добавление подкаталога: Monopoly
[2024-12-12 18:40:12] [INFO] [o.f.g.Controller] - Анализ каталога: D:\300РусскихИгр\Monopoly
[2024-12-12 18:40:12] [DEBUG] [o.f.g.Controller] - Добавление файла: FILE_ID.DIZ
[2024-12-12 18:40:12] [DEBUG] [o.f.g.Controller] - Добавление файла: MONOPOLY.EXE
[2024-12-12 18:40:12] [DEBUG] [o.f.g.Controller] - Добавление файла: README.TXT
[2024-12-12 18:40:12] [DEBUG] [o.f.g.Controller] - Добавление файла: SAVEGAME.DAT
[2024-12-12 18:40:12] [DEBUG] [o.f.g.Controller] - Добавление подкаталога: MortalKombat
[2024-12-12 18:40:12] [INFO] [o.f.g.Controller] - Анализ каталога: D:\300РусскихИгр\MortalKombat
[2024-12-12 18:40:12] [DEBUG] [o.f.g.Controller] - Добавление файла: FILESYS.DAT
[2024-12-12 18:40:12] [DEBUG] [o.f.g.Controller] - Добавление файла: FILE_ID.DIZ
[2024-12-12 18:40:12] [DEBUG] [o.f.g.Controller] - Добавление файла: MK4.EXE
[2024-12-12 18:40:12] [DEBUG] [o.f.g.Controller] - Добавление файла: MK4.REG
[2024-12-12 18:40:12] [DEBUG] [o.f.g.Controller] - Добавление файла: SETUP.EXE
[2024-12-12 18:40:12] [DEBUG] [o.f.g.Controller] - Добавление файла: SETUPREG.BAT
[2024-12-12 18:40:12] [DEBUG] [o.f.g.Controller] - Добавление подкаталога: President2k
[2024-12-12 18:40:12] [INFO] [o.f.g.Controller] - Анализ каталога: D:\300РусскихИгр\President2k
[2024-12-12 18:40:12] [DEBUG] [o.f.g.Controller] - Добавление файла: ALERT.WAV
[2024-12-12 18:40:12] [DEBUG] [o.f.g.Controller] - Добавление файла: DIED2.WAV
[2024-12-12 18:40:12] [DEBUG] [o.f.g.Controller] - Добавление файла: EXIT.WAV
[2024-12-12 18:40:12] [DEBUG] [o.f.g.Controller] - Добавление файла: FILE_ID.DIZ
[2024-12-12 18:40:12] [DEBUG] [o.f.g.Controller] - Добавление файла: HELP.WAV
[2024-12-12 18:40:12] [DEBUG] [o.f.g.Controller] - Добавление файла: INTRO5.WAV
[2024-12-12 18:40:12] [DEBUG] [o.f.g.Controller] - Добавление файла: LABORTOR.WAV
[2024-12-12 18:40:12] [DEBUG] [o.f.g.Controller] - Добавление файла: P2000.EXE
